<?xml version="1.0" encoding="UTF-8"?>
<!-- Generated by org.testng.reporters.JUnitXMLReporter -->
<testsuite ignored="0" hostname="MacBook-Pro-3.local" failures="0" tests="2" name="edgeTest" time="0.105" errors="0" timestamp="2026-01-05T15:39:55 EST">
  <testcase classname="testCases.TC01_LaunchApplication" name="testLaunchApplication" time="0.003">
    <skipped/>
  </testcase> <!-- testLaunchApplication -->
  <testcase classname="testCases.TC01_LaunchApplication" name="testLaunchApplication" time="0.003">
    <skipped/>
  </testcase> <!-- testLaunchApplication -->
</testsuite> <!-- edgeTest -->
