<?xml version="1.0" encoding="UTF-8"?>
<!-- Generated by org.testng.reporters.JUnitXMLReporter -->
<testsuite ignored="0" hostname="MacBook-Pro-3.local" failures="1" tests="10" name="Test" time="107.393" errors="0" timestamp="2025-12-31T14:37:59 EST">
  <testcase classname="testCases.TC01_LaunchApplication" name="testLaunchApplication" time="0.059"/>
  <testcase classname="testCases.TC03_AddToCart" name="testAddToCart" time="7.746"/>
  <testcase classname="testCases.TC05_AddToWishList" name="testAddToWhislist" time="4.741">
    <failure type="org.openqa.selenium.StaleElementReferenceException" message="stale element reference: stale element not found
  (Session info: chrome=143.0.7499.170)
For documentation on this error, please visit: https://www.selenium.dev/documentation/webdriver/troubleshooting/errors#staleelementreferenceexception
Build info: version: &amp;apos;4.38.0&amp;apos;, revision: &amp;apos;6b412e825c*&amp;apos;
System info: os.name: &amp;apos;Mac OS X&amp;apos;, os.arch: &amp;apos;aarch64&amp;apos;, os.version: &amp;apos;15.6.1&amp;apos;, java.version: &amp;apos;22.0.2&amp;apos;
Driver info: org.openqa.selenium.chrome.ChromeDriver
Command: [e533026387605a53f96f6714dcc6cca7, executeScript {args=[{element-6066-11e4-a52e-4f735466cecf=f.FA9F5F8381830225937B29AB1B719475.d.C8A3CFAD7D60DF6C14979CEBB01E0118.e.861}], script=arguments[0].scrollIntoView(true);}]
Capabilities {acceptInsecureCerts: false, browserName: chrome, browserVersion: 143.0.7499.170, chrome: {chromedriverVersion: 143.0.7499.169 (164b20aab62..., userDataDir: /var/folders/67/by74vg5527l...}, fedcm:accounts: true, goog:chromeOptions: {debuggerAddress: localhost:59114}, goog:processID: 64994, networkConnectionEnabled: false, pageLoadStrategy: normal, platformName: mac, proxy: Proxy(), se:cdp: ws://localhost:59114/devtoo..., se:cdpVersion: 143.0.7499.170, setWindowRect: true, strictFileInteractability: false, timeouts: {implicit: 0, pageLoad: 300000, script: 30000}, unhandledPromptBehavior: dismiss and notify, webauthn:extension:credBlob: true, webauthn:extension:largeBlob: true, webauthn:extension:minPinLength: true, webauthn:extension:prf: true, webauthn:virtualAuthenticators: true}
Session ID: e533026387605a53f96f6714dcc6cca7">
      <![CDATA[org.openqa.selenium.StaleElementReferenceException: stale element reference: stale element not found
  (Session info: chrome=143.0.7499.170)
For documentation on this error, please visit: https://www.selenium.dev/documentation/webdriver/troubleshooting/errors#staleelementreferenceexception
Build info: version: '4.38.0', revision: '6b412e825c*'
System info: os.name: 'Mac OS X', os.arch: 'aarch64', os.version: '15.6.1', java.version: '22.0.2'
Driver info: org.openqa.selenium.chrome.ChromeDriver
Command: [e533026387605a53f96f6714dcc6cca7, executeScript {args=[{element-6066-11e4-a52e-4f735466cecf=f.FA9F5F8381830225937B29AB1B719475.d.C8A3CFAD7D60DF6C14979CEBB01E0118.e.861}], script=arguments[0].scrollIntoView(true);}]
Capabilities {acceptInsecureCerts: false, browserName: chrome, browserVersion: 143.0.7499.170, chrome: {chromedriverVersion: 143.0.7499.169 (164b20aab62..., userDataDir: /var/folders/67/by74vg5527l...}, fedcm:accounts: true, goog:chromeOptions: {debuggerAddress: localhost:59114}, goog:processID: 64994, networkConnectionEnabled: false, pageLoadStrategy: normal, platformName: mac, proxy: Proxy(), se:cdp: ws://localhost:59114/devtoo..., se:cdpVersion: 143.0.7499.170, setWindowRect: true, strictFileInteractability: false, timeouts: {implicit: 0, pageLoad: 300000, script: 30000}, unhandledPromptBehavior: dismiss and notify, webauthn:extension:credBlob: true, webauthn:extension:largeBlob: true, webauthn:extension:minPinLength: true, webauthn:extension:prf: true, webauthn:virtualAuthenticators: true}
Session ID: e533026387605a53f96f6714dcc6cca7
at org.openqa.selenium.remote.ErrorCodec.decode(ErrorCodec.java:167)
at org.openqa.selenium.remote.codec.w3c.W3CHttpResponseCodec.decode(W3CHttpResponseCodec.java:138)
at org.openqa.selenium.remote.codec.w3c.W3CHttpResponseCodec.decode(W3CHttpResponseCodec.java:50)
at org.openqa.selenium.remote.HttpCommandExecutor.execute(HttpCommandExecutor.java:215)
at org.openqa.selenium.remote.service.DriverCommandExecutor.invokeExecute(DriverCommandExecutor.java:216)
at org.openqa.selenium.remote.service.DriverCommandExecutor.execute(DriverCommandExecutor.java:174)
at org.openqa.selenium.remote.RemoteWebDriver.execute(RemoteWebDriver.java:557)
at org.openqa.selenium.remote.RemoteWebDriver.executeScript(RemoteWebDriver.java:488)
at pageObjects.CategoryPage.clickLaptopsAndNotebooks(CategoryPage.java:29)
at testCases.TC05_AddToWishList.testAddToWhislist(TC05_AddToWishList.java:28)
at java.base/java.util.ArrayList.forEach(ArrayList.java:1597)
... Removed 28 stack frames]]>
    </failure>
  </testcase> <!-- testAddToWhislist -->
  <testcase classname="testCases.TC06_AddAffiliate" name="testAddAffiliate" time="9.068"/>
  <testcase classname="testCases.TC02_Login" name="testLogin" time="5.092"/>
  <testcase classname="testCases.TC02_Login" name="testLogin" time="1.995"/>
  <testcase classname="testCases.TC02_Login" name="testLogin" time="1.319"/>
  <testcase classname="testCases.TC02_Login" name="testLogin" time="1.144"/>
  <testcase classname="testCases.TC02_Login" name="testLogin" time="1.073"/>
  <testcase classname="testCases.TC04_CompletePurchase" name="testAddToCart" time="15.874"/>
</testsuite> <!-- Test -->
