<?xml version="1.0" encoding="UTF-8"?>
<!-- Generated by org.testng.reporters.JUnitXMLReporter -->
<testsuite ignored="0" hostname="MacBook-Pro-3.local" failures="0" tests="10" name="chromeTest" time="45.252" errors="0" timestamp="2026-01-08T11:10:35 EST">
  <testcase classname="testCases.TC01_LaunchApplication" name="testLaunchApplication" time="0.021"/>
  <testcase classname="testCases.TC02_Login" name="testLogin" time="1.513"/>
  <testcase classname="testCases.TC02_Login" name="testLogin" time="1.47"/>
  <testcase classname="testCases.TC02_Login" name="testLogin" time="1.163"/>
  <testcase classname="testCases.TC02_Login" name="testLogin" time="1.048"/>
  <testcase classname="testCases.TC02_Login" name="testLogin" time="1.037"/>
  <testcase classname="testCases.TC03_AddToCart" name="testAddToCart" time="3.651"/>
  <testcase classname="testCases.TC04_CompletePurchase" name="testAddToCart" time="7.592"/>
  <testcase classname="testCases.TC05_AddToWishList" name="testAddToWishList" time="3.385"/>
  <testcase classname="testCases.TC06_AddAffiliate" name="testAddAffiliate" time="3.438"/>
</testsuite> <!-- chromeTest -->
