2026-01-06 14:49:35 INFO  BaseClass:48 - ========== Test Execution Started ==========
2026-01-06 14:49:35 DEBUG BaseClass:49 - Operating System: mac
2026-01-06 14:49:35 DEBUG BaseClass:50 - Browser Parameter Received: chrome
2026-01-06 14:49:35 DEBUG BaseClass:54 - Loading config.properties file
2026-01-06 14:49:45 ERROR BaseClass:149 - Exception occurred during browser setup
org.openqa.selenium.SessionNotCreatedException: Could not start a new session. Possible causes are invalid address of the remote server or browser start-up failure. HTTP connect timed out 
Host info: host: 'MacBook-Pro-3.local', ip: 'fd56:46e3:5962:ed2b:1008:4227:34c7:19b5%en0'
	at org.openqa.selenium.remote.RemoteWebDriver.execute(RemoteWebDriver.java:578)
	at org.openqa.selenium.remote.RemoteWebDriver.startSession(RemoteWebDriver.java:246)
	at org.openqa.selenium.remote.RemoteWebDriver.<init>(RemoteWebDriver.java:174)
	at org.openqa.selenium.remote.RemoteWebDriver.<init>(RemoteWebDriver.java:152)
	at testBase.BaseClass.openApp(BaseClass.java:81)
	at java.base/jdk.internal.reflect.DirectMethodHandleAccessor.invoke(DirectMethodHandleAccessor.java:103)
	at java.base/java.lang.reflect.Method.invoke(Method.java:580)
	at org.testng.internal.invokers.MethodInvocationHelper.invokeMethod(MethodInvocationHelper.java:141)
	at org.testng.internal.invokers.MethodInvocationHelper.invokeMethodConsideringTimeout(MethodInvocationHelper.java:71)
	at org.testng.internal.invokers.ConfigInvoker.invokeConfigurationMethod(ConfigInvoker.java:400)
	at org.testng.internal.invokers.ConfigInvoker.invokeConfigurations(ConfigInvoker.java:333)
	at org.testng.internal.invokers.TestMethodWorker.invokeBeforeClassMethods(TestMethodWorker.java:188)
	at org.testng.internal.invokers.TestMethodWorker.run(TestMethodWorker.java:128)
	at java.base/java.util.ArrayList.forEach(ArrayList.java:1597)
	at org.testng.TestRunner.privateRun(TestRunner.java:741)
	at org.testng.TestRunner.run(TestRunner.java:616)
	at org.testng.SuiteRunner.runTest(SuiteRunner.java:421)
	at org.testng.SuiteRunner$SuiteWorker.run(SuiteRunner.java:463)
	at org.testng.internal.thread.ThreadUtil.lambda$execute$0(ThreadUtil.java:64)
	at java.base/java.util.concurrent.FutureTask.run(FutureTask.java:317)
	at java.base/java.util.concurrent.ThreadPoolExecutor.runWorker(ThreadPoolExecutor.java:1144)
	at java.base/java.util.concurrent.ThreadPoolExecutor$Worker.run(ThreadPoolExecutor.java:642)
	at java.base/java.lang.Thread.run(Thread.java:1570)
Caused by: org.openqa.selenium.TimeoutException: java.net.http.HttpConnectTimeoutException: HTTP connect timed out
Build info: version: '4.38.0', revision: '6b412e825c*'
System info: os.name: 'Mac OS X', os.arch: 'aarch64', os.version: '15.6.1', java.version: '22.0.2'
Driver info: driver.version: unknown
	at org.openqa.selenium.remote.http.jdk.JdkHttpClient.execute0(JdkHttpClient.java:498)
	at org.openqa.selenium.remote.http.AddSeleniumUserAgent.lambda$apply$0(AddSeleniumUserAgent.java:42)
	at org.openqa.selenium.remote.http.Filter.lambda$andFinally$1(Filter.java:55)
	at org.openqa.selenium.remote.http.jdk.JdkHttpClient.lambda$executeAsync$2(JdkHttpClient.java:387)
	at java.base/java.util.concurrent.Executors$RunnableAdapter.call(Executors.java:572)
	... 4 more
Caused by: java.net.http.HttpConnectTimeoutException: HTTP connect timed out
	at java.net.http/jdk.internal.net.http.HttpClientImpl.send(HttpClientImpl.java:950)
	at java.net.http/jdk.internal.net.http.HttpClientFacade.send(HttpClientFacade.java:133)
	at org.openqa.selenium.remote.http.jdk.JdkHttpClient.execute0(JdkHttpClient.java:459)
	... 8 more
Caused by: java.net.http.HttpConnectTimeoutException: HTTP connect timed out
	at java.net.http/jdk.internal.net.http.MultiExchange.toTimeoutException(MultiExchange.java:620)
	at java.net.http/jdk.internal.net.http.MultiExchange.getExceptionalCF(MultiExchange.java:565)
	at java.net.http/jdk.internal.net.http.MultiExchange.lambda$responseAsyncImpl$7(MultiExchange.java:485)
	at java.base/java.util.concurrent.CompletableFuture.uniHandle(CompletableFuture.java:934)
	at java.base/java.util.concurrent.CompletableFuture$UniHandle.tryFire(CompletableFuture.java:911)
	at java.base/java.util.concurrent.CompletableFuture.postComplete(CompletableFuture.java:510)
	at java.base/java.util.concurrent.CompletableFuture.completeExceptionally(CompletableFuture.java:2194)
	at java.net.http/jdk.internal.net.http.Http1Exchange.lambda$cancelImpl$9(Http1Exchange.java:592)
	... 3 more
Caused by: java.net.ConnectException: HTTP connect timed out
	at java.net.http/jdk.internal.net.http.MultiExchange.toTimeoutException(MultiExchange.java:621)
	... 10 more
2026-01-06 14:49:45 INFO  BaseClass:48 - ========== Test Execution Started ==========
2026-01-06 14:49:45 DEBUG BaseClass:49 - Operating System: mac
2026-01-06 14:49:45 DEBUG BaseClass:50 - Browser Parameter Received: chrome
2026-01-06 14:49:45 DEBUG BaseClass:54 - Loading config.properties file
2026-01-06 14:49:55 ERROR BaseClass:149 - Exception occurred during browser setup
org.openqa.selenium.SessionNotCreatedException: Could not start a new session. Possible causes are invalid address of the remote server or browser start-up failure. HTTP connect timed out 
Host info: host: 'MacBook-Pro-3.local', ip: 'fd56:46e3:5962:ed2b:1008:4227:34c7:19b5%en0'
	at org.openqa.selenium.remote.RemoteWebDriver.execute(RemoteWebDriver.java:578)
	at org.openqa.selenium.remote.RemoteWebDriver.startSession(RemoteWebDriver.java:246)
	at org.openqa.selenium.remote.RemoteWebDriver.<init>(RemoteWebDriver.java:174)
	at org.openqa.selenium.remote.RemoteWebDriver.<init>(RemoteWebDriver.java:152)
	at testBase.BaseClass.openApp(BaseClass.java:81)
	at java.base/jdk.internal.reflect.DirectMethodHandleAccessor.invoke(DirectMethodHandleAccessor.java:103)
	at java.base/java.lang.reflect.Method.invoke(Method.java:580)
	at org.testng.internal.invokers.MethodInvocationHelper.invokeMethod(MethodInvocationHelper.java:141)
	at org.testng.internal.invokers.MethodInvocationHelper.invokeMethodConsideringTimeout(MethodInvocationHelper.java:71)
	at org.testng.internal.invokers.ConfigInvoker.invokeConfigurationMethod(ConfigInvoker.java:400)
	at org.testng.internal.invokers.ConfigInvoker.invokeConfigurations(ConfigInvoker.java:333)
	at org.testng.internal.invokers.TestMethodWorker.invokeBeforeClassMethods(TestMethodWorker.java:188)
	at org.testng.internal.invokers.TestMethodWorker.run(TestMethodWorker.java:128)
	at java.base/java.util.ArrayList.forEach(ArrayList.java:1597)
	at org.testng.TestRunner.privateRun(TestRunner.java:741)
	at org.testng.TestRunner.run(TestRunner.java:616)
	at org.testng.SuiteRunner.runTest(SuiteRunner.java:421)
	at org.testng.SuiteRunner$SuiteWorker.run(SuiteRunner.java:463)
	at org.testng.internal.thread.ThreadUtil.lambda$execute$0(ThreadUtil.java:64)
	at java.base/java.util.concurrent.FutureTask.run(FutureTask.java:317)
	at java.base/java.util.concurrent.ThreadPoolExecutor.runWorker(ThreadPoolExecutor.java:1144)
	at java.base/java.util.concurrent.ThreadPoolExecutor$Worker.run(ThreadPoolExecutor.java:642)
	at java.base/java.lang.Thread.run(Thread.java:1570)
Caused by: org.openqa.selenium.TimeoutException: java.net.http.HttpConnectTimeoutException: HTTP connect timed out
Build info: version: '4.38.0', revision: '6b412e825c*'
System info: os.name: 'Mac OS X', os.arch: 'aarch64', os.version: '15.6.1', java.version: '22.0.2'
Driver info: driver.version: unknown
	at org.openqa.selenium.remote.http.jdk.JdkHttpClient.execute0(JdkHttpClient.java:498)
	at org.openqa.selenium.remote.http.AddSeleniumUserAgent.lambda$apply$0(AddSeleniumUserAgent.java:42)
	at org.openqa.selenium.remote.http.Filter.lambda$andFinally$1(Filter.java:55)
	at org.openqa.selenium.remote.http.jdk.JdkHttpClient.lambda$executeAsync$2(JdkHttpClient.java:387)
	at java.base/java.util.concurrent.Executors$RunnableAdapter.call(Executors.java:572)
	... 4 more
Caused by: java.net.http.HttpConnectTimeoutException: HTTP connect timed out
	at java.net.http/jdk.internal.net.http.HttpClientImpl.send(HttpClientImpl.java:950)
	at java.net.http/jdk.internal.net.http.HttpClientFacade.send(HttpClientFacade.java:133)
	at org.openqa.selenium.remote.http.jdk.JdkHttpClient.execute0(JdkHttpClient.java:459)
	... 8 more
Caused by: java.net.http.HttpConnectTimeoutException: HTTP connect timed out
	at java.net.http/jdk.internal.net.http.MultiExchange.toTimeoutException(MultiExchange.java:620)
	at java.net.http/jdk.internal.net.http.MultiExchange.getExceptionalCF(MultiExchange.java:565)
	at java.net.http/jdk.internal.net.http.MultiExchange.lambda$responseAsyncImpl$7(MultiExchange.java:485)
	at java.base/java.util.concurrent.CompletableFuture.uniHandle(CompletableFuture.java:934)
	at java.base/java.util.concurrent.CompletableFuture$UniHandle.tryFire(CompletableFuture.java:911)
	at java.base/java.util.concurrent.CompletableFuture.postComplete(CompletableFuture.java:510)
	at java.base/java.util.concurrent.CompletableFuture.completeExceptionally(CompletableFuture.java:2194)
	at java.net.http/jdk.internal.net.http.Http1Exchange.lambda$cancelImpl$9(Http1Exchange.java:592)
	... 3 more
Caused by: java.net.ConnectException: HTTP connect timed out
	at java.net.http/jdk.internal.net.http.MultiExchange.toTimeoutException(MultiExchange.java:621)
	... 10 more
2026-01-06 14:49:55 DEBUG PackageRelationshipCollection:307 - Parsing relationship: /xl/_rels/workbook.xml.rels
2026-01-06 14:49:55 DEBUG PackageRelationshipCollection:307 - Parsing relationship: /xl/worksheets/_rels/sheet1.xml.rels
2026-01-06 14:49:55 DEBUG PackageRelationshipCollection:307 - Parsing relationship: /_rels/.rels
2026-01-06 14:49:55 DEBUG POIXMLFactory:65 - using default POIXMLDocumentPart for http://schemas.openxmlformats.org/officeDocument/2006/relationships/printerSettings
2026-01-06 14:49:56 DEBUG PackageRelationshipCollection:307 - Parsing relationship: /xl/_rels/workbook.xml.rels
2026-01-06 14:49:56 DEBUG PackageRelationshipCollection:307 - Parsing relationship: /xl/worksheets/_rels/sheet1.xml.rels
2026-01-06 14:49:56 DEBUG PackageRelationshipCollection:307 - Parsing relationship: /_rels/.rels
2026-01-06 14:49:56 DEBUG POIXMLFactory:65 - using default POIXMLDocumentPart for http://schemas.openxmlformats.org/officeDocument/2006/relationships/printerSettings
2026-01-06 14:49:56 DEBUG PackageRelationshipCollection:307 - Parsing relationship: /xl/_rels/workbook.xml.rels
2026-01-06 14:49:56 DEBUG PackageRelationshipCollection:307 - Parsing relationship: /xl/worksheets/_rels/sheet1.xml.rels
2026-01-06 14:49:56 DEBUG PackageRelationshipCollection:307 - Parsing relationship: /_rels/.rels
2026-01-06 14:49:56 DEBUG POIXMLFactory:65 - using default POIXMLDocumentPart for http://schemas.openxmlformats.org/officeDocument/2006/relationships/printerSettings
2026-01-06 14:49:56 DEBUG PackageRelationshipCollection:307 - Parsing relationship: /xl/_rels/workbook.xml.rels
2026-01-06 14:49:56 DEBUG PackageRelationshipCollection:307 - Parsing relationship: /xl/worksheets/_rels/sheet1.xml.rels
2026-01-06 14:49:56 DEBUG PackageRelationshipCollection:307 - Parsing relationship: /_rels/.rels
2026-01-06 14:49:56 DEBUG POIXMLFactory:65 - using default POIXMLDocumentPart for http://schemas.openxmlformats.org/officeDocument/2006/relationships/printerSettings
2026-01-06 14:49:56 DEBUG PackageRelationshipCollection:307 - Parsing relationship: /xl/_rels/workbook.xml.rels
2026-01-06 14:49:56 DEBUG PackageRelationshipCollection:307 - Parsing relationship: /xl/worksheets/_rels/sheet1.xml.rels
2026-01-06 14:49:56 DEBUG PackageRelationshipCollection:307 - Parsing relationship: /_rels/.rels
2026-01-06 14:49:56 DEBUG POIXMLFactory:65 - using default POIXMLDocumentPart for http://schemas.openxmlformats.org/officeDocument/2006/relationships/printerSettings
2026-01-06 14:49:56 DEBUG PackageRelationshipCollection:307 - Parsing relationship: /xl/_rels/workbook.xml.rels
2026-01-06 14:49:56 DEBUG PackageRelationshipCollection:307 - Parsing relationship: /xl/worksheets/_rels/sheet1.xml.rels
2026-01-06 14:49:56 DEBUG PackageRelationshipCollection:307 - Parsing relationship: /_rels/.rels
2026-01-06 14:49:56 DEBUG POIXMLFactory:65 - using default POIXMLDocumentPart for http://schemas.openxmlformats.org/officeDocument/2006/relationships/printerSettings
2026-01-06 14:49:56 DEBUG PackageRelationshipCollection:307 - Parsing relationship: /xl/_rels/workbook.xml.rels
2026-01-06 14:49:56 DEBUG PackageRelationshipCollection:307 - Parsing relationship: /xl/worksheets/_rels/sheet1.xml.rels
2026-01-06 14:49:56 DEBUG PackageRelationshipCollection:307 - Parsing relationship: /_rels/.rels
2026-01-06 14:49:56 DEBUG POIXMLFactory:65 - using default POIXMLDocumentPart for http://schemas.openxmlformats.org/officeDocument/2006/relationships/printerSettings
2026-01-06 14:49:56 DEBUG PackageRelationshipCollection:307 - Parsing relationship: /xl/_rels/workbook.xml.rels
2026-01-06 14:49:56 DEBUG PackageRelationshipCollection:307 - Parsing relationship: /xl/worksheets/_rels/sheet1.xml.rels
2026-01-06 14:49:56 DEBUG PackageRelationshipCollection:307 - Parsing relationship: /_rels/.rels
2026-01-06 14:49:56 DEBUG POIXMLFactory:65 - using default POIXMLDocumentPart for http://schemas.openxmlformats.org/officeDocument/2006/relationships/printerSettings
2026-01-06 14:49:56 DEBUG PackageRelationshipCollection:307 - Parsing relationship: /xl/_rels/workbook.xml.rels
2026-01-06 14:49:56 DEBUG PackageRelationshipCollection:307 - Parsing relationship: /xl/worksheets/_rels/sheet1.xml.rels
2026-01-06 14:49:56 DEBUG PackageRelationshipCollection:307 - Parsing relationship: /_rels/.rels
2026-01-06 14:49:56 DEBUG POIXMLFactory:65 - using default POIXMLDocumentPart for http://schemas.openxmlformats.org/officeDocument/2006/relationships/printerSettings
2026-01-06 14:49:56 DEBUG PackageRelationshipCollection:307 - Parsing relationship: /xl/_rels/workbook.xml.rels
2026-01-06 14:49:56 DEBUG PackageRelationshipCollection:307 - Parsing relationship: /xl/worksheets/_rels/sheet1.xml.rels
2026-01-06 14:49:56 DEBUG PackageRelationshipCollection:307 - Parsing relationship: /_rels/.rels
2026-01-06 14:49:56 DEBUG POIXMLFactory:65 - using default POIXMLDocumentPart for http://schemas.openxmlformats.org/officeDocument/2006/relationships/printerSettings
2026-01-06 14:49:56 DEBUG PackageRelationshipCollection:307 - Parsing relationship: /xl/_rels/workbook.xml.rels
2026-01-06 14:49:56 DEBUG PackageRelationshipCollection:307 - Parsing relationship: /xl/worksheets/_rels/sheet1.xml.rels
2026-01-06 14:49:56 DEBUG PackageRelationshipCollection:307 - Parsing relationship: /_rels/.rels
2026-01-06 14:49:56 DEBUG POIXMLFactory:65 - using default POIXMLDocumentPart for http://schemas.openxmlformats.org/officeDocument/2006/relationships/printerSettings
2026-01-06 14:49:56 DEBUG PackageRelationshipCollection:307 - Parsing relationship: /xl/_rels/workbook.xml.rels
2026-01-06 14:49:56 DEBUG PackageRelationshipCollection:307 - Parsing relationship: /xl/worksheets/_rels/sheet1.xml.rels
2026-01-06 14:49:56 DEBUG PackageRelationshipCollection:307 - Parsing relationship: /_rels/.rels
2026-01-06 14:49:56 DEBUG POIXMLFactory:65 - using default POIXMLDocumentPart for http://schemas.openxmlformats.org/officeDocument/2006/relationships/printerSettings
2026-01-06 14:49:56 INFO  BaseClass:48 - ========== Test Execution Started ==========
2026-01-06 14:49:56 DEBUG BaseClass:49 - Operating System: mac
2026-01-06 14:49:56 DEBUG BaseClass:50 - Browser Parameter Received: chrome
2026-01-06 14:49:56 DEBUG BaseClass:54 - Loading config.properties file
2026-01-06 14:50:06 ERROR BaseClass:149 - Exception occurred during browser setup
org.openqa.selenium.SessionNotCreatedException: Could not start a new session. Possible causes are invalid address of the remote server or browser start-up failure. HTTP connect timed out 
Host info: host: 'MacBook-Pro-3.local', ip: 'fd56:46e3:5962:ed2b:1008:4227:34c7:19b5%en0'
	at org.openqa.selenium.remote.RemoteWebDriver.execute(RemoteWebDriver.java:578)
	at org.openqa.selenium.remote.RemoteWebDriver.startSession(RemoteWebDriver.java:246)
	at org.openqa.selenium.remote.RemoteWebDriver.<init>(RemoteWebDriver.java:174)
	at org.openqa.selenium.remote.RemoteWebDriver.<init>(RemoteWebDriver.java:152)
	at testBase.BaseClass.openApp(BaseClass.java:81)
	at java.base/jdk.internal.reflect.DirectMethodHandleAccessor.invoke(DirectMethodHandleAccessor.java:103)
	at java.base/java.lang.reflect.Method.invoke(Method.java:580)
	at org.testng.internal.invokers.MethodInvocationHelper.invokeMethod(MethodInvocationHelper.java:141)
	at org.testng.internal.invokers.MethodInvocationHelper.invokeMethodConsideringTimeout(MethodInvocationHelper.java:71)
	at org.testng.internal.invokers.ConfigInvoker.invokeConfigurationMethod(ConfigInvoker.java:400)
	at org.testng.internal.invokers.ConfigInvoker.invokeConfigurations(ConfigInvoker.java:333)
	at org.testng.internal.invokers.TestMethodWorker.invokeBeforeClassMethods(TestMethodWorker.java:188)
	at org.testng.internal.invokers.TestMethodWorker.run(TestMethodWorker.java:128)
	at java.base/java.util.ArrayList.forEach(ArrayList.java:1597)
	at org.testng.TestRunner.privateRun(TestRunner.java:741)
	at org.testng.TestRunner.run(TestRunner.java:616)
	at org.testng.SuiteRunner.runTest(SuiteRunner.java:421)
	at org.testng.SuiteRunner$SuiteWorker.run(SuiteRunner.java:463)
	at org.testng.internal.thread.ThreadUtil.lambda$execute$0(ThreadUtil.java:64)
	at java.base/java.util.concurrent.FutureTask.run(FutureTask.java:317)
	at java.base/java.util.concurrent.ThreadPoolExecutor.runWorker(ThreadPoolExecutor.java:1144)
	at java.base/java.util.concurrent.ThreadPoolExecutor$Worker.run(ThreadPoolExecutor.java:642)
	at java.base/java.lang.Thread.run(Thread.java:1570)
Caused by: org.openqa.selenium.TimeoutException: java.net.http.HttpConnectTimeoutException: HTTP connect timed out
Build info: version: '4.38.0', revision: '6b412e825c*'
System info: os.name: 'Mac OS X', os.arch: 'aarch64', os.version: '15.6.1', java.version: '22.0.2'
Driver info: driver.version: unknown
	at org.openqa.selenium.remote.http.jdk.JdkHttpClient.execute0(JdkHttpClient.java:498)
	at org.openqa.selenium.remote.http.AddSeleniumUserAgent.lambda$apply$0(AddSeleniumUserAgent.java:42)
	at org.openqa.selenium.remote.http.Filter.lambda$andFinally$1(Filter.java:55)
	at org.openqa.selenium.remote.http.jdk.JdkHttpClient.lambda$executeAsync$2(JdkHttpClient.java:387)
	at java.base/java.util.concurrent.Executors$RunnableAdapter.call(Executors.java:572)
	... 4 more
Caused by: java.net.http.HttpConnectTimeoutException: HTTP connect timed out
	at java.net.http/jdk.internal.net.http.HttpClientImpl.send(HttpClientImpl.java:950)
	at java.net.http/jdk.internal.net.http.HttpClientFacade.send(HttpClientFacade.java:133)
	at org.openqa.selenium.remote.http.jdk.JdkHttpClient.execute0(JdkHttpClient.java:459)
	... 8 more
Caused by: java.net.http.HttpConnectTimeoutException: HTTP connect timed out
	at java.net.http/jdk.internal.net.http.MultiExchange.toTimeoutException(MultiExchange.java:620)
	at java.net.http/jdk.internal.net.http.MultiExchange.getExceptionalCF(MultiExchange.java:565)
	at java.net.http/jdk.internal.net.http.MultiExchange.lambda$responseAsyncImpl$7(MultiExchange.java:485)
	at java.base/java.util.concurrent.CompletableFuture.uniHandle(CompletableFuture.java:934)
	at java.base/java.util.concurrent.CompletableFuture$UniHandle.tryFire(CompletableFuture.java:911)
	at java.base/java.util.concurrent.CompletableFuture.postComplete(CompletableFuture.java:510)
	at java.base/java.util.concurrent.CompletableFuture.completeExceptionally(CompletableFuture.java:2194)
	at java.net.http/jdk.internal.net.http.Http1Exchange.lambda$cancelImpl$9(Http1Exchange.java:592)
	... 3 more
Caused by: java.net.ConnectException: HTTP connect timed out
	at java.net.http/jdk.internal.net.http.MultiExchange.toTimeoutException(MultiExchange.java:621)
	... 10 more
2026-01-06 14:50:06 INFO  BaseClass:48 - ========== Test Execution Started ==========
2026-01-06 14:50:06 DEBUG BaseClass:49 - Operating System: mac
2026-01-06 14:50:06 DEBUG BaseClass:50 - Browser Parameter Received: chrome
2026-01-06 14:50:06 DEBUG BaseClass:54 - Loading config.properties file
2026-01-06 14:50:16 ERROR BaseClass:149 - Exception occurred during browser setup
org.openqa.selenium.SessionNotCreatedException: Could not start a new session. Possible causes are invalid address of the remote server or browser start-up failure. HTTP connect timed out 
Host info: host: 'MacBook-Pro-3.local', ip: 'fd56:46e3:5962:ed2b:1008:4227:34c7:19b5%en0'
	at org.openqa.selenium.remote.RemoteWebDriver.execute(RemoteWebDriver.java:578)
	at org.openqa.selenium.remote.RemoteWebDriver.startSession(RemoteWebDriver.java:246)
	at org.openqa.selenium.remote.RemoteWebDriver.<init>(RemoteWebDriver.java:174)
	at org.openqa.selenium.remote.RemoteWebDriver.<init>(RemoteWebDriver.java:152)
	at testBase.BaseClass.openApp(BaseClass.java:81)
	at java.base/jdk.internal.reflect.DirectMethodHandleAccessor.invoke(DirectMethodHandleAccessor.java:103)
	at java.base/java.lang.reflect.Method.invoke(Method.java:580)
	at org.testng.internal.invokers.MethodInvocationHelper.invokeMethod(MethodInvocationHelper.java:141)
	at org.testng.internal.invokers.MethodInvocationHelper.invokeMethodConsideringTimeout(MethodInvocationHelper.java:71)
	at org.testng.internal.invokers.ConfigInvoker.invokeConfigurationMethod(ConfigInvoker.java:400)
	at org.testng.internal.invokers.ConfigInvoker.invokeConfigurations(ConfigInvoker.java:333)
	at org.testng.internal.invokers.TestMethodWorker.invokeBeforeClassMethods(TestMethodWorker.java:188)
	at org.testng.internal.invokers.TestMethodWorker.run(TestMethodWorker.java:128)
	at java.base/java.util.ArrayList.forEach(ArrayList.java:1597)
	at org.testng.TestRunner.privateRun(TestRunner.java:741)
	at org.testng.TestRunner.run(TestRunner.java:616)
	at org.testng.SuiteRunner.runTest(SuiteRunner.java:421)
	at org.testng.SuiteRunner$SuiteWorker.run(SuiteRunner.java:463)
	at org.testng.internal.thread.ThreadUtil.lambda$execute$0(ThreadUtil.java:64)
	at java.base/java.util.concurrent.FutureTask.run(FutureTask.java:317)
	at java.base/java.util.concurrent.ThreadPoolExecutor.runWorker(ThreadPoolExecutor.java:1144)
	at java.base/java.util.concurrent.ThreadPoolExecutor$Worker.run(ThreadPoolExecutor.java:642)
	at java.base/java.lang.Thread.run(Thread.java:1570)
Caused by: org.openqa.selenium.TimeoutException: java.net.http.HttpConnectTimeoutException: HTTP connect timed out
Build info: version: '4.38.0', revision: '6b412e825c*'
System info: os.name: 'Mac OS X', os.arch: 'aarch64', os.version: '15.6.1', java.version: '22.0.2'
Driver info: driver.version: unknown
	at org.openqa.selenium.remote.http.jdk.JdkHttpClient.execute0(JdkHttpClient.java:498)
	at org.openqa.selenium.remote.http.AddSeleniumUserAgent.lambda$apply$0(AddSeleniumUserAgent.java:42)
	at org.openqa.selenium.remote.http.Filter.lambda$andFinally$1(Filter.java:55)
	at org.openqa.selenium.remote.http.jdk.JdkHttpClient.lambda$executeAsync$2(JdkHttpClient.java:387)
	at java.base/java.util.concurrent.Executors$RunnableAdapter.call(Executors.java:572)
	... 4 more
Caused by: java.net.http.HttpConnectTimeoutException: HTTP connect timed out
	at java.net.http/jdk.internal.net.http.HttpClientImpl.send(HttpClientImpl.java:950)
	at java.net.http/jdk.internal.net.http.HttpClientFacade.send(HttpClientFacade.java:133)
	at org.openqa.selenium.remote.http.jdk.JdkHttpClient.execute0(JdkHttpClient.java:459)
	... 8 more
Caused by: java.net.http.HttpConnectTimeoutException: HTTP connect timed out
	at java.net.http/jdk.internal.net.http.MultiExchange.toTimeoutException(MultiExchange.java:620)
	at java.net.http/jdk.internal.net.http.MultiExchange.getExceptionalCF(MultiExchange.java:565)
	at java.net.http/jdk.internal.net.http.MultiExchange.lambda$responseAsyncImpl$7(MultiExchange.java:485)
	at java.base/java.util.concurrent.CompletableFuture.uniHandle(CompletableFuture.java:934)
	at java.base/java.util.concurrent.CompletableFuture$UniHandle.tryFire(CompletableFuture.java:911)
	at java.base/java.util.concurrent.CompletableFuture.postComplete(CompletableFuture.java:510)
	at java.base/java.util.concurrent.CompletableFuture.completeExceptionally(CompletableFuture.java:2194)
	at java.net.http/jdk.internal.net.http.Http1Exchange.lambda$cancelImpl$9(Http1Exchange.java:592)
	... 3 more
Caused by: java.net.ConnectException: HTTP connect timed out
	at java.net.http/jdk.internal.net.http.MultiExchange.toTimeoutException(MultiExchange.java:621)
	... 10 more
2026-01-06 14:50:16 INFO  BaseClass:48 - ========== Test Execution Started ==========
2026-01-06 14:50:16 DEBUG BaseClass:49 - Operating System: mac
2026-01-06 14:50:16 DEBUG BaseClass:50 - Browser Parameter Received: chrome
2026-01-06 14:50:16 DEBUG BaseClass:54 - Loading config.properties file
2026-01-06 14:50:26 ERROR BaseClass:149 - Exception occurred during browser setup
org.openqa.selenium.SessionNotCreatedException: Could not start a new session. Possible causes are invalid address of the remote server or browser start-up failure. HTTP connect timed out 
Host info: host: 'MacBook-Pro-3.local', ip: 'fd56:46e3:5962:ed2b:1008:4227:34c7:19b5%en0'
	at org.openqa.selenium.remote.RemoteWebDriver.execute(RemoteWebDriver.java:578)
	at org.openqa.selenium.remote.RemoteWebDriver.startSession(RemoteWebDriver.java:246)
	at org.openqa.selenium.remote.RemoteWebDriver.<init>(RemoteWebDriver.java:174)
	at org.openqa.selenium.remote.RemoteWebDriver.<init>(RemoteWebDriver.java:152)
	at testBase.BaseClass.openApp(BaseClass.java:81)
	at java.base/jdk.internal.reflect.DirectMethodHandleAccessor.invoke(DirectMethodHandleAccessor.java:103)
	at java.base/java.lang.reflect.Method.invoke(Method.java:580)
	at org.testng.internal.invokers.MethodInvocationHelper.invokeMethod(MethodInvocationHelper.java:141)
	at org.testng.internal.invokers.MethodInvocationHelper.invokeMethodConsideringTimeout(MethodInvocationHelper.java:71)
	at org.testng.internal.invokers.ConfigInvoker.invokeConfigurationMethod(ConfigInvoker.java:400)
	at org.testng.internal.invokers.ConfigInvoker.invokeConfigurations(ConfigInvoker.java:333)
	at org.testng.internal.invokers.TestMethodWorker.invokeBeforeClassMethods(TestMethodWorker.java:188)
	at org.testng.internal.invokers.TestMethodWorker.run(TestMethodWorker.java:128)
	at java.base/java.util.ArrayList.forEach(ArrayList.java:1597)
	at org.testng.TestRunner.privateRun(TestRunner.java:741)
	at org.testng.TestRunner.run(TestRunner.java:616)
	at org.testng.SuiteRunner.runTest(SuiteRunner.java:421)
	at org.testng.SuiteRunner$SuiteWorker.run(SuiteRunner.java:463)
	at org.testng.internal.thread.ThreadUtil.lambda$execute$0(ThreadUtil.java:64)
	at java.base/java.util.concurrent.FutureTask.run(FutureTask.java:317)
	at java.base/java.util.concurrent.ThreadPoolExecutor.runWorker(ThreadPoolExecutor.java:1144)
	at java.base/java.util.concurrent.ThreadPoolExecutor$Worker.run(ThreadPoolExecutor.java:642)
	at java.base/java.lang.Thread.run(Thread.java:1570)
Caused by: org.openqa.selenium.TimeoutException: java.net.http.HttpConnectTimeoutException: HTTP connect timed out
Build info: version: '4.38.0', revision: '6b412e825c*'
System info: os.name: 'Mac OS X', os.arch: 'aarch64', os.version: '15.6.1', java.version: '22.0.2'
Driver info: driver.version: unknown
	at org.openqa.selenium.remote.http.jdk.JdkHttpClient.execute0(JdkHttpClient.java:498)
	at org.openqa.selenium.remote.http.AddSeleniumUserAgent.lambda$apply$0(AddSeleniumUserAgent.java:42)
	at org.openqa.selenium.remote.http.Filter.lambda$andFinally$1(Filter.java:55)
	at org.openqa.selenium.remote.http.jdk.JdkHttpClient.lambda$executeAsync$2(JdkHttpClient.java:387)
	at java.base/java.util.concurrent.Executors$RunnableAdapter.call(Executors.java:572)
	... 4 more
Caused by: java.net.http.HttpConnectTimeoutException: HTTP connect timed out
	at java.net.http/jdk.internal.net.http.HttpClientImpl.send(HttpClientImpl.java:950)
	at java.net.http/jdk.internal.net.http.HttpClientFacade.send(HttpClientFacade.java:133)
	at org.openqa.selenium.remote.http.jdk.JdkHttpClient.execute0(JdkHttpClient.java:459)
	... 8 more
Caused by: java.net.http.HttpConnectTimeoutException: HTTP connect timed out
	at java.net.http/jdk.internal.net.http.MultiExchange.toTimeoutException(MultiExchange.java:620)
	at java.net.http/jdk.internal.net.http.MultiExchange.getExceptionalCF(MultiExchange.java:565)
	at java.net.http/jdk.internal.net.http.MultiExchange.lambda$responseAsyncImpl$7(MultiExchange.java:485)
	at java.base/java.util.concurrent.CompletableFuture.uniHandle(CompletableFuture.java:934)
	at java.base/java.util.concurrent.CompletableFuture$UniHandle.tryFire(CompletableFuture.java:911)
	at java.base/java.util.concurrent.CompletableFuture.postComplete(CompletableFuture.java:510)
	at java.base/java.util.concurrent.CompletableFuture.completeExceptionally(CompletableFuture.java:2194)
	at java.net.http/jdk.internal.net.http.Http1Exchange.lambda$cancelImpl$9(Http1Exchange.java:592)
	... 3 more
Caused by: java.net.ConnectException: HTTP connect timed out
	at java.net.http/jdk.internal.net.http.MultiExchange.toTimeoutException(MultiExchange.java:621)
	... 10 more
2026-01-06 14:50:26 INFO  BaseClass:48 - ========== Test Execution Started ==========
2026-01-06 14:50:26 DEBUG BaseClass:49 - Operating System: mac
2026-01-06 14:50:26 DEBUG BaseClass:50 - Browser Parameter Received: chrome
2026-01-06 14:50:26 DEBUG BaseClass:54 - Loading config.properties file
2026-01-06 14:50:36 ERROR BaseClass:149 - Exception occurred during browser setup
org.openqa.selenium.SessionNotCreatedException: Could not start a new session. Possible causes are invalid address of the remote server or browser start-up failure. HTTP connect timed out 
Host info: host: 'MacBook-Pro-3.local', ip: 'fd56:46e3:5962:ed2b:1008:4227:34c7:19b5%en0'
	at org.openqa.selenium.remote.RemoteWebDriver.execute(RemoteWebDriver.java:578)
	at org.openqa.selenium.remote.RemoteWebDriver.startSession(RemoteWebDriver.java:246)
	at org.openqa.selenium.remote.RemoteWebDriver.<init>(RemoteWebDriver.java:174)
	at org.openqa.selenium.remote.RemoteWebDriver.<init>(RemoteWebDriver.java:152)
	at testBase.BaseClass.openApp(BaseClass.java:81)
	at java.base/jdk.internal.reflect.DirectMethodHandleAccessor.invoke(DirectMethodHandleAccessor.java:103)
	at java.base/java.lang.reflect.Method.invoke(Method.java:580)
	at org.testng.internal.invokers.MethodInvocationHelper.invokeMethod(MethodInvocationHelper.java:141)
	at org.testng.internal.invokers.MethodInvocationHelper.invokeMethodConsideringTimeout(MethodInvocationHelper.java:71)
	at org.testng.internal.invokers.ConfigInvoker.invokeConfigurationMethod(ConfigInvoker.java:400)
	at org.testng.internal.invokers.ConfigInvoker.invokeConfigurations(ConfigInvoker.java:333)
	at org.testng.internal.invokers.TestMethodWorker.invokeBeforeClassMethods(TestMethodWorker.java:188)
	at org.testng.internal.invokers.TestMethodWorker.run(TestMethodWorker.java:128)
	at java.base/java.util.ArrayList.forEach(ArrayList.java:1597)
	at org.testng.TestRunner.privateRun(TestRunner.java:741)
	at org.testng.TestRunner.run(TestRunner.java:616)
	at org.testng.SuiteRunner.runTest(SuiteRunner.java:421)
	at org.testng.SuiteRunner$SuiteWorker.run(SuiteRunner.java:463)
	at org.testng.internal.thread.ThreadUtil.lambda$execute$0(ThreadUtil.java:64)
	at java.base/java.util.concurrent.FutureTask.run(FutureTask.java:317)
	at java.base/java.util.concurrent.ThreadPoolExecutor.runWorker(ThreadPoolExecutor.java:1144)
	at java.base/java.util.concurrent.ThreadPoolExecutor$Worker.run(ThreadPoolExecutor.java:642)
	at java.base/java.lang.Thread.run(Thread.java:1570)
Caused by: org.openqa.selenium.TimeoutException: java.net.http.HttpConnectTimeoutException: HTTP connect timed out
Build info: version: '4.38.0', revision: '6b412e825c*'
System info: os.name: 'Mac OS X', os.arch: 'aarch64', os.version: '15.6.1', java.version: '22.0.2'
Driver info: driver.version: unknown
	at org.openqa.selenium.remote.http.jdk.JdkHttpClient.execute0(JdkHttpClient.java:498)
	at org.openqa.selenium.remote.http.AddSeleniumUserAgent.lambda$apply$0(AddSeleniumUserAgent.java:42)
	at org.openqa.selenium.remote.http.Filter.lambda$andFinally$1(Filter.java:55)
	at org.openqa.selenium.remote.http.jdk.JdkHttpClient.lambda$executeAsync$2(JdkHttpClient.java:387)
	at java.base/java.util.concurrent.Executors$RunnableAdapter.call(Executors.java:572)
	... 4 more
Caused by: java.net.http.HttpConnectTimeoutException: HTTP connect timed out
	at java.net.http/jdk.internal.net.http.HttpClientImpl.send(HttpClientImpl.java:950)
	at java.net.http/jdk.internal.net.http.HttpClientFacade.send(HttpClientFacade.java:133)
	at org.openqa.selenium.remote.http.jdk.JdkHttpClient.execute0(JdkHttpClient.java:459)
	... 8 more
Caused by: java.net.http.HttpConnectTimeoutException: HTTP connect timed out
	at java.net.http/jdk.internal.net.http.MultiExchange.toTimeoutException(MultiExchange.java:620)
	at java.net.http/jdk.internal.net.http.MultiExchange.getExceptionalCF(MultiExchange.java:565)
	at java.net.http/jdk.internal.net.http.MultiExchange.lambda$responseAsyncImpl$7(MultiExchange.java:485)
	at java.base/java.util.concurrent.CompletableFuture.uniHandle(CompletableFuture.java:934)
	at java.base/java.util.concurrent.CompletableFuture$UniHandle.tryFire(CompletableFuture.java:911)
	at java.base/java.util.concurrent.CompletableFuture.postComplete(CompletableFuture.java:510)
	at java.base/java.util.concurrent.CompletableFuture.completeExceptionally(CompletableFuture.java:2194)
	at java.net.http/jdk.internal.net.http.Http1Exchange.lambda$cancelImpl$9(Http1Exchange.java:592)
	... 3 more
Caused by: java.net.ConnectException: HTTP connect timed out
	at java.net.http/jdk.internal.net.http.MultiExchange.toTimeoutException(MultiExchange.java:621)
	... 10 more
2026-01-06 14:50:56 INFO  BaseClass:48 - ========== Test Execution Started ==========
2026-01-06 14:50:56 DEBUG BaseClass:49 - Operating System: mac
2026-01-06 14:50:56 DEBUG BaseClass:50 - Browser Parameter Received: chrome
2026-01-06 14:50:56 DEBUG BaseClass:54 - Loading config.properties file
2026-01-06 14:51:06 ERROR BaseClass:149 - Exception occurred during browser setup
org.openqa.selenium.SessionNotCreatedException: Could not start a new session. Possible causes are invalid address of the remote server or browser start-up failure. HTTP connect timed out 
Host info: host: 'MacBook-Pro-3.local', ip: 'fd56:46e3:5962:ed2b:1008:4227:34c7:19b5%en0'
	at org.openqa.selenium.remote.RemoteWebDriver.execute(RemoteWebDriver.java:578)
	at org.openqa.selenium.remote.RemoteWebDriver.startSession(RemoteWebDriver.java:246)
	at org.openqa.selenium.remote.RemoteWebDriver.<init>(RemoteWebDriver.java:174)
	at org.openqa.selenium.remote.RemoteWebDriver.<init>(RemoteWebDriver.java:152)
	at testBase.BaseClass.openApp(BaseClass.java:81)
	at java.base/jdk.internal.reflect.DirectMethodHandleAccessor.invoke(DirectMethodHandleAccessor.java:103)
	at java.base/java.lang.reflect.Method.invoke(Method.java:580)
	at org.testng.internal.invokers.MethodInvocationHelper.invokeMethod(MethodInvocationHelper.java:141)
	at org.testng.internal.invokers.MethodInvocationHelper.invokeMethodConsideringTimeout(MethodInvocationHelper.java:71)
	at org.testng.internal.invokers.ConfigInvoker.invokeConfigurationMethod(ConfigInvoker.java:400)
	at org.testng.internal.invokers.ConfigInvoker.invokeConfigurations(ConfigInvoker.java:333)
	at org.testng.internal.invokers.TestMethodWorker.invokeBeforeClassMethods(TestMethodWorker.java:188)
	at org.testng.internal.invokers.TestMethodWorker.run(TestMethodWorker.java:128)
	at java.base/java.util.ArrayList.forEach(ArrayList.java:1597)
	at org.testng.TestRunner.privateRun(TestRunner.java:741)
	at org.testng.TestRunner.run(TestRunner.java:616)
	at org.testng.SuiteRunner.runTest(SuiteRunner.java:421)
	at org.testng.SuiteRunner$SuiteWorker.run(SuiteRunner.java:463)
	at org.testng.internal.thread.ThreadUtil.lambda$execute$0(ThreadUtil.java:64)
	at java.base/java.util.concurrent.FutureTask.run(FutureTask.java:317)
	at java.base/java.util.concurrent.ThreadPoolExecutor.runWorker(ThreadPoolExecutor.java:1144)
	at java.base/java.util.concurrent.ThreadPoolExecutor$Worker.run(ThreadPoolExecutor.java:642)
	at java.base/java.lang.Thread.run(Thread.java:1570)
Caused by: org.openqa.selenium.TimeoutException: java.net.http.HttpConnectTimeoutException: HTTP connect timed out
Build info: version: '4.38.0', revision: '6b412e825c*'
System info: os.name: 'Mac OS X', os.arch: 'aarch64', os.version: '15.6.1', java.version: '22.0.2'
Driver info: driver.version: unknown
	at org.openqa.selenium.remote.http.jdk.JdkHttpClient.execute0(JdkHttpClient.java:498)
	at org.openqa.selenium.remote.http.AddSeleniumUserAgent.lambda$apply$0(AddSeleniumUserAgent.java:42)
	at org.openqa.selenium.remote.http.Filter.lambda$andFinally$1(Filter.java:55)
	at org.openqa.selenium.remote.http.jdk.JdkHttpClient.lambda$executeAsync$2(JdkHttpClient.java:387)
	at java.base/java.util.concurrent.Executors$RunnableAdapter.call(Executors.java:572)
	... 4 more
Caused by: java.net.http.HttpConnectTimeoutException: HTTP connect timed out
	at java.net.http/jdk.internal.net.http.HttpClientImpl.send(HttpClientImpl.java:950)
	at java.net.http/jdk.internal.net.http.HttpClientFacade.send(HttpClientFacade.java:133)
	at org.openqa.selenium.remote.http.jdk.JdkHttpClient.execute0(JdkHttpClient.java:459)
	... 8 more
Caused by: java.net.http.HttpConnectTimeoutException: HTTP connect timed out
	at java.net.http/jdk.internal.net.http.MultiExchange.toTimeoutException(MultiExchange.java:620)
	at java.net.http/jdk.internal.net.http.MultiExchange.getExceptionalCF(MultiExchange.java:565)
	at java.net.http/jdk.internal.net.http.MultiExchange.lambda$responseAsyncImpl$7(MultiExchange.java:485)
	at java.base/java.util.concurrent.CompletableFuture.uniHandle(CompletableFuture.java:934)
	at java.base/java.util.concurrent.CompletableFuture$UniHandle.tryFire(CompletableFuture.java:911)
	at java.base/java.util.concurrent.CompletableFuture.postComplete(CompletableFuture.java:510)
	at java.base/java.util.concurrent.CompletableFuture.completeExceptionally(CompletableFuture.java:2194)
	at java.net.http/jdk.internal.net.http.Http1Exchange.lambda$cancelImpl$9(Http1Exchange.java:592)
	... 3 more
Caused by: java.net.ConnectException: HTTP connect timed out
	at java.net.http/jdk.internal.net.http.MultiExchange.toTimeoutException(MultiExchange.java:621)
	... 10 more
2026-01-06 14:51:06 INFO  BaseClass:48 - ========== Test Execution Started ==========
2026-01-06 14:51:06 DEBUG BaseClass:49 - Operating System: mac
2026-01-06 14:51:06 DEBUG BaseClass:50 - Browser Parameter Received: chrome
2026-01-06 14:51:06 DEBUG BaseClass:54 - Loading config.properties file
2026-01-06 14:51:20 INFO  BaseClass:48 - ========== Test Execution Started ==========
2026-01-06 14:51:20 DEBUG BaseClass:49 - Operating System: mac
2026-01-06 14:51:20 DEBUG BaseClass:50 - Browser Parameter Received: chrome
2026-01-06 14:51:20 DEBUG BaseClass:54 - Loading config.properties file
2026-01-06 14:51:20 INFO  BaseClass:110 - Launching Chrome browser
2026-01-06 14:51:35 DEBUG BaseClass:131 - WebDriver instance set to ThreadLocal
2026-01-06 14:51:35 DEBUG BaseClass:135 - Implicit wait set to 10 seconds
2026-01-06 14:51:35 INFO  BaseClass:138 - Navigating to application URL: https://cloudberrystore.services/
2026-01-06 14:51:39 DEBUG BaseClass:142 - Browser window maximized
2026-01-06 14:51:39 INFO  TC01_LaunchApplication:30 - ==== Starting testLaunchApplication ====
2026-01-06 14:51:39 DEBUG TC01_LaunchApplication:32 - Thread ID: 32
2026-01-06 14:51:39 DEBUG TC01_LaunchApplication:40 - Initializing HomePage object
2026-01-06 14:51:39 DEBUG TC01_LaunchApplication:44 - Fetching page title from current driver
2026-01-06 14:51:39 INFO  TC01_LaunchApplication:46 - Actual page title: 'Your store of fun'
2026-01-06 14:51:39 DEBUG TC01_LaunchApplication:50 - Expected page title: 'Your store of fun'
2026-01-06 14:51:39 DEBUG TC01_LaunchApplication:54 - Performing assertion on page title
2026-01-06 14:51:39 INFO  TC01_LaunchApplication:56 - Title assertion passed
2026-01-06 14:51:39 INFO  TC01_LaunchApplication:72 - ==== Finished testLaunchApplication ====
2026-01-06 14:51:39 INFO  BaseClass:158 - ========== Test Execution Completed ==========
2026-01-06 14:51:39 INFO  BaseClass:162 - Closing browser and quitting WebDriver
2026-01-06 14:51:39 INFO  BaseClass:48 - ========== Test Execution Started ==========
2026-01-06 14:51:39 DEBUG BaseClass:49 - Operating System: mac
2026-01-06 14:51:39 DEBUG BaseClass:50 - Browser Parameter Received: chrome
2026-01-06 14:51:39 DEBUG BaseClass:54 - Loading config.properties file
2026-01-06 14:51:39 INFO  BaseClass:110 - Launching Chrome browser
2026-01-06 14:51:45 DEBUG BaseClass:131 - WebDriver instance set to ThreadLocal
2026-01-06 14:51:45 DEBUG BaseClass:135 - Implicit wait set to 10 seconds
2026-01-06 14:51:45 INFO  BaseClass:138 - Navigating to application URL: https://cloudberrystore.services/
2026-01-06 14:51:48 DEBUG BaseClass:142 - Browser window maximized
2026-01-06 14:51:48 DEBUG PackageRelationshipCollection:307 - Parsing relationship: /xl/_rels/workbook.xml.rels
2026-01-06 14:51:48 DEBUG PackageRelationshipCollection:307 - Parsing relationship: /xl/worksheets/_rels/sheet1.xml.rels
2026-01-06 14:51:48 DEBUG PackageRelationshipCollection:307 - Parsing relationship: /_rels/.rels
2026-01-06 14:51:48 DEBUG POIXMLFactory:65 - using default POIXMLDocumentPart for http://schemas.openxmlformats.org/officeDocument/2006/relationships/printerSettings
2026-01-06 14:51:48 DEBUG PackageRelationshipCollection:307 - Parsing relationship: /xl/_rels/workbook.xml.rels
2026-01-06 14:51:48 DEBUG PackageRelationshipCollection:307 - Parsing relationship: /xl/worksheets/_rels/sheet1.xml.rels
2026-01-06 14:51:48 DEBUG PackageRelationshipCollection:307 - Parsing relationship: /_rels/.rels
2026-01-06 14:51:48 DEBUG POIXMLFactory:65 - using default POIXMLDocumentPart for http://schemas.openxmlformats.org/officeDocument/2006/relationships/printerSettings
2026-01-06 14:51:48 DEBUG PackageRelationshipCollection:307 - Parsing relationship: /xl/_rels/workbook.xml.rels
2026-01-06 14:51:48 DEBUG PackageRelationshipCollection:307 - Parsing relationship: /xl/worksheets/_rels/sheet1.xml.rels
2026-01-06 14:51:48 DEBUG PackageRelationshipCollection:307 - Parsing relationship: /_rels/.rels
2026-01-06 14:51:48 DEBUG POIXMLFactory:65 - using default POIXMLDocumentPart for http://schemas.openxmlformats.org/officeDocument/2006/relationships/printerSettings
2026-01-06 14:51:48 DEBUG PackageRelationshipCollection:307 - Parsing relationship: /xl/_rels/workbook.xml.rels
2026-01-06 14:51:48 DEBUG PackageRelationshipCollection:307 - Parsing relationship: /xl/worksheets/_rels/sheet1.xml.rels
2026-01-06 14:51:48 DEBUG PackageRelationshipCollection:307 - Parsing relationship: /_rels/.rels
2026-01-06 14:51:48 DEBUG POIXMLFactory:65 - using default POIXMLDocumentPart for http://schemas.openxmlformats.org/officeDocument/2006/relationships/printerSettings
2026-01-06 14:51:48 DEBUG PackageRelationshipCollection:307 - Parsing relationship: /xl/_rels/workbook.xml.rels
2026-01-06 14:51:48 DEBUG PackageRelationshipCollection:307 - Parsing relationship: /xl/worksheets/_rels/sheet1.xml.rels
2026-01-06 14:51:48 DEBUG PackageRelationshipCollection:307 - Parsing relationship: /_rels/.rels
2026-01-06 14:51:48 DEBUG POIXMLFactory:65 - using default POIXMLDocumentPart for http://schemas.openxmlformats.org/officeDocument/2006/relationships/printerSettings
2026-01-06 14:51:48 DEBUG PackageRelationshipCollection:307 - Parsing relationship: /xl/_rels/workbook.xml.rels
2026-01-06 14:51:48 DEBUG PackageRelationshipCollection:307 - Parsing relationship: /xl/worksheets/_rels/sheet1.xml.rels
2026-01-06 14:51:48 DEBUG PackageRelationshipCollection:307 - Parsing relationship: /_rels/.rels
2026-01-06 14:51:48 DEBUG POIXMLFactory:65 - using default POIXMLDocumentPart for http://schemas.openxmlformats.org/officeDocument/2006/relationships/printerSettings
2026-01-06 14:51:48 DEBUG PackageRelationshipCollection:307 - Parsing relationship: /xl/_rels/workbook.xml.rels
2026-01-06 14:51:48 DEBUG PackageRelationshipCollection:307 - Parsing relationship: /xl/worksheets/_rels/sheet1.xml.rels
2026-01-06 14:51:48 DEBUG PackageRelationshipCollection:307 - Parsing relationship: /_rels/.rels
2026-01-06 14:51:48 DEBUG POIXMLFactory:65 - using default POIXMLDocumentPart for http://schemas.openxmlformats.org/officeDocument/2006/relationships/printerSettings
2026-01-06 14:51:48 DEBUG PackageRelationshipCollection:307 - Parsing relationship: /xl/_rels/workbook.xml.rels
2026-01-06 14:51:48 DEBUG PackageRelationshipCollection:307 - Parsing relationship: /xl/worksheets/_rels/sheet1.xml.rels
2026-01-06 14:51:48 DEBUG PackageRelationshipCollection:307 - Parsing relationship: /_rels/.rels
2026-01-06 14:51:48 DEBUG POIXMLFactory:65 - using default POIXMLDocumentPart for http://schemas.openxmlformats.org/officeDocument/2006/relationships/printerSettings
2026-01-06 14:51:48 DEBUG PackageRelationshipCollection:307 - Parsing relationship: /xl/_rels/workbook.xml.rels
2026-01-06 14:51:48 DEBUG PackageRelationshipCollection:307 - Parsing relationship: /xl/worksheets/_rels/sheet1.xml.rels
2026-01-06 14:51:48 DEBUG PackageRelationshipCollection:307 - Parsing relationship: /_rels/.rels
2026-01-06 14:51:48 DEBUG POIXMLFactory:65 - using default POIXMLDocumentPart for http://schemas.openxmlformats.org/officeDocument/2006/relationships/printerSettings
2026-01-06 14:51:48 DEBUG PackageRelationshipCollection:307 - Parsing relationship: /xl/_rels/workbook.xml.rels
2026-01-06 14:51:48 DEBUG PackageRelationshipCollection:307 - Parsing relationship: /xl/worksheets/_rels/sheet1.xml.rels
2026-01-06 14:51:48 DEBUG PackageRelationshipCollection:307 - Parsing relationship: /_rels/.rels
2026-01-06 14:51:48 DEBUG POIXMLFactory:65 - using default POIXMLDocumentPart for http://schemas.openxmlformats.org/officeDocument/2006/relationships/printerSettings
2026-01-06 14:51:48 DEBUG PackageRelationshipCollection:307 - Parsing relationship: /xl/_rels/workbook.xml.rels
2026-01-06 14:51:48 DEBUG PackageRelationshipCollection:307 - Parsing relationship: /xl/worksheets/_rels/sheet1.xml.rels
2026-01-06 14:51:48 DEBUG PackageRelationshipCollection:307 - Parsing relationship: /_rels/.rels
2026-01-06 14:51:48 DEBUG POIXMLFactory:65 - using default POIXMLDocumentPart for http://schemas.openxmlformats.org/officeDocument/2006/relationships/printerSettings
2026-01-06 14:51:48 DEBUG PackageRelationshipCollection:307 - Parsing relationship: /xl/_rels/workbook.xml.rels
2026-01-06 14:51:48 DEBUG PackageRelationshipCollection:307 - Parsing relationship: /xl/worksheets/_rels/sheet1.xml.rels
2026-01-06 14:51:48 DEBUG PackageRelationshipCollection:307 - Parsing relationship: /_rels/.rels
2026-01-06 14:51:48 DEBUG POIXMLFactory:65 - using default POIXMLDocumentPart for http://schemas.openxmlformats.org/officeDocument/2006/relationships/printerSettings
2026-01-06 14:51:48 INFO  TC02_Login:34 - ==== Starting testLogin for email: smitasharma.qa@gmail.com ====
2026-01-06 14:51:48 DEBUG TC02_Login:35 - Thread ID: 32
2026-01-06 14:51:48 DEBUG TC02_Login:36 - Input data -> email: smitasharma.qa@gmail.com, password: ss*QA123
2026-01-06 14:51:48 DEBUG TC02_Login:45 - Creating HomePage object
2026-01-06 14:51:48 DEBUG TC02_Login:49 - Clicking on My Account menu
2026-01-06 14:51:49 DEBUG TC02_Login:52 - Navigating to Login page
2026-01-06 14:51:51 DEBUG TC02_Login:56 - Creating LoginPage object
2026-01-06 14:51:51 DEBUG TC02_Login:59 - Entering email: smitasharma.qa@gmail.com
2026-01-06 14:51:51 DEBUG TC02_Login:62 - Entering password for email: smitasharma.qa@gmail.com
2026-01-06 14:51:51 DEBUG TC02_Login:65 - Clicking Login button
2026-01-06 14:51:52 DEBUG TC02_Login:69 - Creating AccountPage object
2026-01-06 14:51:52 DEBUG TC02_Login:72 - Checking if My Account confirmation element is displayed
2026-01-06 14:51:53 INFO  TC02_Login:74 - Login status for email smitasharma.qa@gmail.com -> true
2026-01-06 14:51:53 INFO  TC02_Login:79 - Login successful for email: smitasharma.qa@gmail.com
2026-01-06 14:51:53 DEBUG TC02_Login:80 - Performing logout steps after successful login
2026-01-06 14:51:53 DEBUG TC02_Login:83 - Clicked My Account dropdown
2026-01-06 14:51:54 DEBUG TC02_Login:86 - Clicked Logout
2026-01-06 14:51:54 INFO  TC02_Login:90 - Assertion passed for successful login for email: smitasharma.qa@gmail.com
2026-01-06 14:51:54 INFO  TC02_Login:108 - ==== Finished testLogin for email: smitasharma.qa@gmail.com ====
2026-01-06 14:51:54 INFO  TC02_Login:34 - ==== Starting testLogin for email: nona@yahoo.com ====
2026-01-06 14:51:54 DEBUG TC02_Login:35 - Thread ID: 32
2026-01-06 14:51:54 DEBUG TC02_Login:36 - Input data -> email: nona@yahoo.com, password: QWER!@#$
2026-01-06 14:51:54 DEBUG TC02_Login:45 - Creating HomePage object
2026-01-06 14:51:54 DEBUG TC02_Login:49 - Clicking on My Account menu
2026-01-06 14:51:54 DEBUG TC02_Login:52 - Navigating to Login page
2026-01-06 14:51:55 DEBUG TC02_Login:56 - Creating LoginPage object
2026-01-06 14:51:55 DEBUG TC02_Login:59 - Entering email: nona@yahoo.com
2026-01-06 14:51:55 DEBUG TC02_Login:62 - Entering password for email: nona@yahoo.com
2026-01-06 14:51:55 DEBUG TC02_Login:65 - Clicking Login button
2026-01-06 14:51:56 DEBUG TC02_Login:69 - Creating AccountPage object
2026-01-06 14:51:56 DEBUG TC02_Login:72 - Checking if My Account confirmation element is displayed
2026-01-06 14:51:56 INFO  TC02_Login:74 - Login status for email nona@yahoo.com -> true
2026-01-06 14:51:56 INFO  TC02_Login:79 - Login successful for email: nona@yahoo.com
2026-01-06 14:51:56 DEBUG TC02_Login:80 - Performing logout steps after successful login
2026-01-06 14:51:56 DEBUG TC02_Login:83 - Clicked My Account dropdown
2026-01-06 14:51:57 DEBUG TC02_Login:86 - Clicked Logout
2026-01-06 14:51:57 INFO  TC02_Login:90 - Assertion passed for successful login for email: nona@yahoo.com
2026-01-06 14:51:57 INFO  TC02_Login:108 - ==== Finished testLogin for email: nona@yahoo.com ====
2026-01-06 14:51:57 INFO  TC02_Login:34 - ==== Starting testLogin for email: sid@cloudberry.services ====
2026-01-06 14:51:57 DEBUG TC02_Login:35 - Thread ID: 32
2026-01-06 14:51:57 DEBUG TC02_Login:36 - Input data -> email: sid@cloudberry.services, password: Test123
2026-01-06 14:51:57 DEBUG TC02_Login:45 - Creating HomePage object
2026-01-06 14:51:57 DEBUG TC02_Login:49 - Clicking on My Account menu
2026-01-06 14:51:57 DEBUG TC02_Login:52 - Navigating to Login page
2026-01-06 14:51:57 DEBUG TC02_Login:56 - Creating LoginPage object
2026-01-06 14:51:57 DEBUG TC02_Login:59 - Entering email: sid@cloudberry.services
2026-01-06 14:51:57 DEBUG TC02_Login:62 - Entering password for email: sid@cloudberry.services
2026-01-06 14:51:57 DEBUG TC02_Login:65 - Clicking Login button
2026-01-06 14:51:57 DEBUG TC02_Login:69 - Creating AccountPage object
2026-01-06 14:51:57 DEBUG TC02_Login:72 - Checking if My Account confirmation element is displayed
2026-01-06 14:51:58 INFO  TC02_Login:74 - Login status for email sid@cloudberry.services -> true
2026-01-06 14:51:58 INFO  TC02_Login:79 - Login successful for email: sid@cloudberry.services
2026-01-06 14:51:58 DEBUG TC02_Login:80 - Performing logout steps after successful login
2026-01-06 14:51:58 DEBUG TC02_Login:83 - Clicked My Account dropdown
2026-01-06 14:51:58 DEBUG TC02_Login:86 - Clicked Logout
2026-01-06 14:51:58 INFO  TC02_Login:90 - Assertion passed for successful login for email: sid@cloudberry.services
2026-01-06 14:51:58 INFO  TC02_Login:108 - ==== Finished testLogin for email: sid@cloudberry.services ====
2026-01-06 14:51:58 INFO  TC02_Login:34 - ==== Starting testLogin for email: apushedwoman@gmail.com ====
2026-01-06 14:51:58 DEBUG TC02_Login:35 - Thread ID: 32
2026-01-06 14:51:58 DEBUG TC02_Login:36 - Input data -> email: apushedwoman@gmail.com, password: password123
2026-01-06 14:51:58 DEBUG TC02_Login:45 - Creating HomePage object
2026-01-06 14:51:58 DEBUG TC02_Login:49 - Clicking on My Account menu
2026-01-06 14:51:58 DEBUG TC02_Login:52 - Navigating to Login page
2026-01-06 14:51:58 DEBUG TC02_Login:56 - Creating LoginPage object
2026-01-06 14:51:58 DEBUG TC02_Login:59 - Entering email: apushedwoman@gmail.com
2026-01-06 14:51:58 DEBUG TC02_Login:62 - Entering password for email: apushedwoman@gmail.com
2026-01-06 14:51:59 DEBUG TC02_Login:65 - Clicking Login button
2026-01-06 14:51:59 DEBUG TC02_Login:69 - Creating AccountPage object
2026-01-06 14:51:59 DEBUG TC02_Login:72 - Checking if My Account confirmation element is displayed
2026-01-06 14:51:59 INFO  TC02_Login:74 - Login status for email apushedwoman@gmail.com -> true
2026-01-06 14:51:59 INFO  TC02_Login:79 - Login successful for email: apushedwoman@gmail.com
2026-01-06 14:51:59 DEBUG TC02_Login:80 - Performing logout steps after successful login
2026-01-06 14:51:59 DEBUG TC02_Login:83 - Clicked My Account dropdown
2026-01-06 14:51:59 DEBUG TC02_Login:86 - Clicked Logout
2026-01-06 14:51:59 INFO  TC02_Login:90 - Assertion passed for successful login for email: apushedwoman@gmail.com
2026-01-06 14:51:59 INFO  TC02_Login:108 - ==== Finished testLogin for email: apushedwoman@gmail.com ====
2026-01-06 14:51:59 INFO  TC02_Login:34 - ==== Starting testLogin for email: hichamkhachiai@gmail.com ====
2026-01-06 14:51:59 DEBUG TC02_Login:35 - Thread ID: 32
2026-01-06 14:51:59 DEBUG TC02_Login:36 - Input data -> email: hichamkhachiai@gmail.com, password: hicham123
2026-01-06 14:51:59 DEBUG TC02_Login:45 - Creating HomePage object
2026-01-06 14:51:59 DEBUG TC02_Login:49 - Clicking on My Account menu
2026-01-06 14:51:59 DEBUG TC02_Login:52 - Navigating to Login page
2026-01-06 14:52:00 DEBUG TC02_Login:56 - Creating LoginPage object
2026-01-06 14:52:00 DEBUG TC02_Login:59 - Entering email: hichamkhachiai@gmail.com
2026-01-06 14:52:00 DEBUG TC02_Login:62 - Entering password for email: hichamkhachiai@gmail.com
2026-01-06 14:52:00 DEBUG TC02_Login:65 - Clicking Login button
2026-01-06 14:52:00 DEBUG TC02_Login:69 - Creating AccountPage object
2026-01-06 14:52:00 DEBUG TC02_Login:72 - Checking if My Account confirmation element is displayed
2026-01-06 14:52:00 INFO  TC02_Login:74 - Login status for email hichamkhachiai@gmail.com -> true
2026-01-06 14:52:00 INFO  TC02_Login:79 - Login successful for email: hichamkhachiai@gmail.com
2026-01-06 14:52:00 DEBUG TC02_Login:80 - Performing logout steps after successful login
2026-01-06 14:52:00 DEBUG TC02_Login:83 - Clicked My Account dropdown
2026-01-06 14:52:01 DEBUG TC02_Login:86 - Clicked Logout
2026-01-06 14:52:01 INFO  TC02_Login:90 - Assertion passed for successful login for email: hichamkhachiai@gmail.com
2026-01-06 14:52:01 INFO  TC02_Login:108 - ==== Finished testLogin for email: hichamkhachiai@gmail.com ====
2026-01-06 14:52:01 INFO  BaseClass:158 - ========== Test Execution Completed ==========
2026-01-06 14:52:01 INFO  BaseClass:162 - Closing browser and quitting WebDriver
2026-01-06 14:52:01 INFO  BaseClass:48 - ========== Test Execution Started ==========
2026-01-06 14:52:01 DEBUG BaseClass:49 - Operating System: mac
2026-01-06 14:52:01 DEBUG BaseClass:50 - Browser Parameter Received: chrome
2026-01-06 14:52:01 DEBUG BaseClass:54 - Loading config.properties file
2026-01-06 14:52:01 INFO  BaseClass:110 - Launching Chrome browser
2026-01-06 14:52:07 DEBUG BaseClass:131 - WebDriver instance set to ThreadLocal
2026-01-06 14:52:07 DEBUG BaseClass:135 - Implicit wait set to 10 seconds
2026-01-06 14:52:07 INFO  BaseClass:138 - Navigating to application URL: https://cloudberrystore.services/
2026-01-06 14:52:10 DEBUG BaseClass:142 - Browser window maximized
2026-01-06 14:52:10 INFO  TC03_AddToCart:28 - ==== Starting testAddToCart ====
2026-01-06 14:52:10 DEBUG TC03_AddToCart:29 - Thread ID: 32
2026-01-06 14:52:10 DEBUG TC03_AddToCart:36 - Creating CategoryPage object
2026-01-06 14:52:10 DEBUG TC03_AddToCart:39 - Clicking on 'Laptops & Notebooks' category
2026-01-06 14:52:12 DEBUG TC03_AddToCart:42 - Clicking on 'Show All' under Laptops & Notebooks
2026-01-06 14:52:13 DEBUG TC03_AddToCart:46 - Waiting briefly for product list to load
2026-01-06 14:52:14 DEBUG TC03_AddToCart:49 - Selecting HP product from category listing
2026-01-06 14:52:15 DEBUG TC03_AddToCart:53 - Creating ProductPage object
2026-01-06 14:52:15 DEBUG TC03_AddToCart:56 - Setting delivery date for selected product
2026-01-06 14:52:16 DEBUG TC03_AddToCart:59 - Clicking 'Add to Cart' button
2026-01-06 14:52:17 DEBUG TC03_AddToCart:63 - Checking if success message is displayed after adding to cart
2026-01-06 14:52:18 INFO  TC03_AddToCart:65 - Add to cart success flag: true
2026-01-06 14:52:18 DEBUG TC03_AddToCart:68 - Performing assertion on success message visibility
2026-01-06 14:52:18 INFO  TC03_AddToCart:70 - Assertion passed: Product successfully added to cart
2026-01-06 14:52:18 INFO  TC03_AddToCart:83 - ==== Finished testAddToCart ====
2026-01-06 14:52:18 INFO  BaseClass:158 - ========== Test Execution Completed ==========
2026-01-06 14:52:18 INFO  BaseClass:162 - Closing browser and quitting WebDriver
2026-01-06 14:52:18 INFO  BaseClass:48 - ========== Test Execution Started ==========
2026-01-06 14:52:18 DEBUG BaseClass:49 - Operating System: mac
2026-01-06 14:52:18 DEBUG BaseClass:50 - Browser Parameter Received: chrome
2026-01-06 14:52:18 DEBUG BaseClass:54 - Loading config.properties file
2026-01-06 14:52:18 INFO  BaseClass:110 - Launching Chrome browser
2026-01-06 14:52:24 DEBUG BaseClass:131 - WebDriver instance set to ThreadLocal
2026-01-06 14:52:24 DEBUG BaseClass:135 - Implicit wait set to 10 seconds
2026-01-06 14:52:24 INFO  BaseClass:138 - Navigating to application URL: https://cloudberrystore.services/
2026-01-06 14:52:27 DEBUG BaseClass:142 - Browser window maximized
2026-01-06 14:52:27 INFO  TC04_CompletePurchase:32 - ==== Starting TC04_CompletePurchase.testAddToCart ====
2026-01-06 14:52:27 DEBUG TC04_CompletePurchase:33 - Thread ID: 32
2026-01-06 14:52:27 DEBUG TC04_CompletePurchase:43 - Creating CategoryPage object
2026-01-06 14:52:27 DEBUG TC04_CompletePurchase:46 - Clicking on 'Laptops & Notebooks' category
2026-01-06 14:52:29 DEBUG TC04_CompletePurchase:49 - Clicking on 'Show All' under Laptops & Notebooks
2026-01-06 14:52:31 DEBUG TC04_CompletePurchase:52 - Waiting briefly for product list to load
2026-01-06 14:52:31 DEBUG TC04_CompletePurchase:55 - Selecting HP product from category listing
2026-01-06 14:52:33 DEBUG TC04_CompletePurchase:59 - Creating ProductPage object
2026-01-06 14:52:33 DEBUG TC04_CompletePurchase:62 - Setting delivery date for selected product
2026-01-06 14:52:34 DEBUG TC04_CompletePurchase:65 - Clicking 'Add to Cart' button
2026-01-06 14:52:35 DEBUG TC04_CompletePurchase:68 - Clicking 'Checkout' button
2026-01-06 14:52:37 DEBUG TC04_CompletePurchase:72 - Creating CheckoutPage object
2026-01-06 14:52:37 DEBUG TC04_CompletePurchase:75 - Clicking on 'Login' option at Checkout
2026-01-06 14:52:38 DEBUG TC04_CompletePurchase:79 - Creating LoginPage object
2026-01-06 14:52:38 DEBUG TC04_CompletePurchase:84 - Entering checkout login credentials email: ivanarno90@gmail.com
2026-01-06 14:52:38 DEBUG TC04_CompletePurchase:89 - Clicking 'Login' button on Checkout login
2026-01-06 14:52:39 DEBUG TC04_CompletePurchase:93 - Completing checkout steps
2026-01-06 14:52:42 DEBUG TC04_CompletePurchase:97 - Creating ConfirmationPage object
2026-01-06 14:52:42 DEBUG TC04_CompletePurchase:100 - Checking if order placed confirmation is displayed
2026-01-06 14:52:43 INFO  TC04_CompletePurchase:102 - Order placed flag: true
2026-01-06 14:52:43 DEBUG TC04_CompletePurchase:106 - Performing assertion on order placement
2026-01-06 14:52:43 INFO  TC04_CompletePurchase:108 - Assertion passed: Order placed successfully
2026-01-06 14:52:43 INFO  TC04_CompletePurchase:121 - ==== Finished TC04_CompletePurchase.testAddToCart ====
2026-01-06 14:52:43 INFO  BaseClass:158 - ========== Test Execution Completed ==========
2026-01-06 14:52:43 INFO  BaseClass:162 - Closing browser and quitting WebDriver
2026-01-06 14:52:43 INFO  BaseClass:48 - ========== Test Execution Started ==========
2026-01-06 14:52:43 DEBUG BaseClass:49 - Operating System: mac
2026-01-06 14:52:43 DEBUG BaseClass:50 - Browser Parameter Received: chrome
2026-01-06 14:52:43 DEBUG BaseClass:54 - Loading config.properties file
2026-01-06 14:52:43 INFO  BaseClass:110 - Launching Chrome browser
2026-01-06 14:52:49 DEBUG BaseClass:131 - WebDriver instance set to ThreadLocal
2026-01-06 14:52:49 DEBUG BaseClass:135 - Implicit wait set to 10 seconds
2026-01-06 14:52:49 INFO  BaseClass:138 - Navigating to application URL: https://cloudberrystore.services/
2026-01-06 14:52:53 DEBUG BaseClass:142 - Browser window maximized
2026-01-06 14:52:53 INFO  TC05_AddToWishList:31 - ==== Starting TC05_AddToWishList.testAddToWishList ====
2026-01-06 14:52:53 DEBUG TC05_AddToWishList:32 - Thread ID: 32
2026-01-06 14:52:53 DEBUG TC05_AddToWishList:41 - Creating HomePage object
2026-01-06 14:52:53 DEBUG TC05_AddToWishList:44 - Clicking on 'My Account' on Home page
2026-01-06 14:52:54 DEBUG TC05_AddToWishList:47 - Navigating to Login page from Home page
2026-01-06 14:52:55 DEBUG TC05_AddToWishList:51 - Creating LoginPage object
2026-01-06 14:52:55 DEBUG TC05_AddToWishList:56 - Entering login credentials email: sid@cloudberry.services
2026-01-06 14:52:56 DEBUG TC05_AddToWishList:61 - Clicking 'Login' button
2026-01-06 14:52:57 DEBUG TC05_AddToWishList:65 - Creating CategoryPage object
2026-01-06 14:52:57 DEBUG TC05_AddToWishList:68 - Clicking on 'Laptops & Notebooks' category
2026-01-06 14:52:59 DEBUG TC05_AddToWishList:71 - Clicking on 'Show All' under Laptops & Notebooks
2026-01-06 14:53:00 DEBUG TC05_AddToWishList:74 - Waiting briefly for product list to load
2026-01-06 14:53:00 DEBUG TC05_AddToWishList:77 - Selecting HP product from category listing
2026-01-06 14:53:02 DEBUG TC05_AddToWishList:81 - Creating ProductPage object
2026-01-06 14:53:02 DEBUG TC05_AddToWishList:84 - Clicking 'Add to Wishlist' button
2026-01-06 14:53:03 DEBUG TC05_AddToWishList:88 - Checking if wishlist success message is displayed
2026-01-06 14:53:04 INFO  TC05_AddToWishList:90 - Wishlist success flag: true
2026-01-06 14:53:04 DEBUG TC05_AddToWishList:94 - Performing assertion on wishlist success message visibility
2026-01-06 14:53:04 INFO  TC05_AddToWishList:96 - Assertion passed: Wishlist success message is displayed
2026-01-06 14:53:04 INFO  TC05_AddToWishList:109 - ==== Finished TC05_AddToWishList.testAddToWishList ====
2026-01-06 14:53:04 INFO  BaseClass:158 - ========== Test Execution Completed ==========
2026-01-06 14:53:04 INFO  BaseClass:162 - Closing browser and quitting WebDriver
2026-01-06 14:53:04 INFO  BaseClass:48 - ========== Test Execution Started ==========
2026-01-06 14:53:04 DEBUG BaseClass:49 - Operating System: mac
2026-01-06 14:53:04 DEBUG BaseClass:50 - Browser Parameter Received: chrome
2026-01-06 14:53:04 DEBUG BaseClass:54 - Loading config.properties file
2026-01-06 14:53:04 INFO  BaseClass:110 - Launching Chrome browser
2026-01-06 14:53:10 DEBUG BaseClass:131 - WebDriver instance set to ThreadLocal
2026-01-06 14:53:10 DEBUG BaseClass:135 - Implicit wait set to 10 seconds
2026-01-06 14:53:10 INFO  BaseClass:138 - Navigating to application URL: https://cloudberrystore.services/
2026-01-06 14:53:13 DEBUG BaseClass:142 - Browser window maximized
2026-01-06 14:53:13 INFO  TC06_AddAffiliate:30 - ==== Starting TC06_AddAffiliate.testAddAffiliate ====
2026-01-06 14:53:13 DEBUG TC06_AddAffiliate:31 - Thread ID: 32
2026-01-06 14:53:13 DEBUG TC06_AddAffiliate:39 - Creating HomePage object
2026-01-06 14:53:13 DEBUG TC06_AddAffiliate:42 - Clicking on 'My Account' on Home page
2026-01-06 14:53:14 DEBUG TC06_AddAffiliate:45 - Navigating to Login page from Home page
2026-01-06 14:53:15 DEBUG TC06_AddAffiliate:49 - Creating LoginPage object
2026-01-06 14:53:15 DEBUG TC06_AddAffiliate:54 - Entering login credentials, email: sid@cloudberry.services
2026-01-06 14:53:16 DEBUG TC06_AddAffiliate:59 - Clicking 'Login' button
2026-01-06 14:53:17 DEBUG TC06_AddAffiliate:63 - Creating AffiliatePage object
2026-01-06 14:53:17 DEBUG TC06_AddAffiliate:66 - Navigating to affiliate registration/update form
2026-01-06 14:53:19 DEBUG TC06_AddAffiliate:73 - Filling affiliate details: company=CloudBerry, website=cloudberry.services, taxId=123456, payee=Shadab Siddiqui
2026-01-06 14:53:21 DEBUG TC06_AddAffiliate:79 - Checking if affiliate details were added successfully
2026-01-06 14:53:22 INFO  TC06_AddAffiliate:81 - Affiliate added flag: true
2026-01-06 14:53:22 DEBUG TC06_AddAffiliate:85 - Performing assertion on affiliate added flag
2026-01-06 14:53:22 INFO  TC06_AddAffiliate:87 - Assertion passed: Affiliate details added successfully
2026-01-06 14:53:22 INFO  TC06_AddAffiliate:100 - ==== Finished TC06_AddAffiliate.testAddAffiliate ====
2026-01-06 14:53:22 INFO  BaseClass:158 - ========== Test Execution Completed ==========
2026-01-06 14:53:22 INFO  BaseClass:162 - Closing browser and quitting WebDriver
2026-01-06 14:53:44 INFO  BaseClass:48 - ========== Test Execution Started ==========
2026-01-06 14:53:44 DEBUG BaseClass:49 - Operating System: mac
2026-01-06 14:53:44 DEBUG BaseClass:50 - Browser Parameter Received: chrome
2026-01-06 14:53:44 DEBUG BaseClass:54 - Loading config.properties file
2026-01-06 14:53:44 INFO  BaseClass:110 - Launching Chrome browser
2026-01-06 14:53:46 DEBUG BaseClass:131 - WebDriver instance set to ThreadLocal
2026-01-06 14:53:46 DEBUG BaseClass:135 - Implicit wait set to 10 seconds
2026-01-06 14:53:46 INFO  BaseClass:138 - Navigating to application URL: https://cloudberrystore.services/
2026-01-06 14:53:48 DEBUG BaseClass:142 - Browser window maximized
2026-01-06 14:53:48 INFO  TC01_LaunchApplication:30 - ==== Starting testLaunchApplication ====
2026-01-06 14:53:48 DEBUG TC01_LaunchApplication:32 - Thread ID: 35
2026-01-06 14:53:48 DEBUG TC01_LaunchApplication:40 - Initializing HomePage object
2026-01-06 14:53:48 DEBUG TC01_LaunchApplication:44 - Fetching page title from current driver
2026-01-06 14:53:48 INFO  TC01_LaunchApplication:46 - Actual page title: 'Your store of fun'
2026-01-06 14:53:48 DEBUG TC01_LaunchApplication:50 - Expected page title: 'Your store of fun'
2026-01-06 14:53:48 DEBUG TC01_LaunchApplication:54 - Performing assertion on page title
2026-01-06 14:53:48 INFO  TC01_LaunchApplication:56 - Title assertion passed
2026-01-06 14:53:48 INFO  TC01_LaunchApplication:72 - ==== Finished testLaunchApplication ====
2026-01-06 14:53:48 INFO  BaseClass:158 - ========== Test Execution Completed ==========
2026-01-06 14:53:48 INFO  BaseClass:162 - Closing browser and quitting WebDriver
2026-01-06 14:53:48 INFO  BaseClass:48 - ========== Test Execution Started ==========
2026-01-06 14:53:48 DEBUG BaseClass:49 - Operating System: mac
2026-01-06 14:53:48 DEBUG BaseClass:50 - Browser Parameter Received: chrome
2026-01-06 14:53:48 DEBUG BaseClass:54 - Loading config.properties file
2026-01-06 14:53:48 INFO  BaseClass:110 - Launching Chrome browser
2026-01-06 14:53:49 DEBUG BaseClass:131 - WebDriver instance set to ThreadLocal
2026-01-06 14:53:49 DEBUG BaseClass:135 - Implicit wait set to 10 seconds
2026-01-06 14:53:49 INFO  BaseClass:138 - Navigating to application URL: https://cloudberrystore.services/
2026-01-06 14:53:50 DEBUG BaseClass:142 - Browser window maximized
2026-01-06 14:53:50 DEBUG PackageRelationshipCollection:307 - Parsing relationship: /xl/_rels/workbook.xml.rels
2026-01-06 14:53:50 DEBUG PackageRelationshipCollection:307 - Parsing relationship: /xl/worksheets/_rels/sheet1.xml.rels
2026-01-06 14:53:50 DEBUG PackageRelationshipCollection:307 - Parsing relationship: /_rels/.rels
2026-01-06 14:53:51 DEBUG POIXMLFactory:65 - using default POIXMLDocumentPart for http://schemas.openxmlformats.org/officeDocument/2006/relationships/printerSettings
2026-01-06 14:53:51 DEBUG PackageRelationshipCollection:307 - Parsing relationship: /xl/_rels/workbook.xml.rels
2026-01-06 14:53:51 DEBUG PackageRelationshipCollection:307 - Parsing relationship: /xl/worksheets/_rels/sheet1.xml.rels
2026-01-06 14:53:51 DEBUG PackageRelationshipCollection:307 - Parsing relationship: /_rels/.rels
2026-01-06 14:53:51 DEBUG POIXMLFactory:65 - using default POIXMLDocumentPart for http://schemas.openxmlformats.org/officeDocument/2006/relationships/printerSettings
2026-01-06 14:53:51 DEBUG PackageRelationshipCollection:307 - Parsing relationship: /xl/_rels/workbook.xml.rels
2026-01-06 14:53:51 DEBUG PackageRelationshipCollection:307 - Parsing relationship: /xl/worksheets/_rels/sheet1.xml.rels
2026-01-06 14:53:51 DEBUG PackageRelationshipCollection:307 - Parsing relationship: /_rels/.rels
2026-01-06 14:53:51 DEBUG POIXMLFactory:65 - using default POIXMLDocumentPart for http://schemas.openxmlformats.org/officeDocument/2006/relationships/printerSettings
2026-01-06 14:53:51 DEBUG PackageRelationshipCollection:307 - Parsing relationship: /xl/_rels/workbook.xml.rels
2026-01-06 14:53:51 DEBUG PackageRelationshipCollection:307 - Parsing relationship: /xl/worksheets/_rels/sheet1.xml.rels
2026-01-06 14:53:51 DEBUG PackageRelationshipCollection:307 - Parsing relationship: /_rels/.rels
2026-01-06 14:53:51 DEBUG POIXMLFactory:65 - using default POIXMLDocumentPart for http://schemas.openxmlformats.org/officeDocument/2006/relationships/printerSettings
2026-01-06 14:53:51 DEBUG PackageRelationshipCollection:307 - Parsing relationship: /xl/_rels/workbook.xml.rels
2026-01-06 14:53:51 DEBUG PackageRelationshipCollection:307 - Parsing relationship: /xl/worksheets/_rels/sheet1.xml.rels
2026-01-06 14:53:51 DEBUG PackageRelationshipCollection:307 - Parsing relationship: /_rels/.rels
2026-01-06 14:53:51 DEBUG POIXMLFactory:65 - using default POIXMLDocumentPart for http://schemas.openxmlformats.org/officeDocument/2006/relationships/printerSettings
2026-01-06 14:53:51 DEBUG PackageRelationshipCollection:307 - Parsing relationship: /xl/_rels/workbook.xml.rels
2026-01-06 14:53:51 DEBUG PackageRelationshipCollection:307 - Parsing relationship: /xl/worksheets/_rels/sheet1.xml.rels
2026-01-06 14:53:51 DEBUG PackageRelationshipCollection:307 - Parsing relationship: /_rels/.rels
2026-01-06 14:53:51 DEBUG POIXMLFactory:65 - using default POIXMLDocumentPart for http://schemas.openxmlformats.org/officeDocument/2006/relationships/printerSettings
2026-01-06 14:53:51 DEBUG PackageRelationshipCollection:307 - Parsing relationship: /xl/_rels/workbook.xml.rels
2026-01-06 14:53:51 DEBUG PackageRelationshipCollection:307 - Parsing relationship: /xl/worksheets/_rels/sheet1.xml.rels
2026-01-06 14:53:51 DEBUG PackageRelationshipCollection:307 - Parsing relationship: /_rels/.rels
2026-01-06 14:53:51 DEBUG POIXMLFactory:65 - using default POIXMLDocumentPart for http://schemas.openxmlformats.org/officeDocument/2006/relationships/printerSettings
2026-01-06 14:53:51 DEBUG PackageRelationshipCollection:307 - Parsing relationship: /xl/_rels/workbook.xml.rels
2026-01-06 14:53:51 DEBUG PackageRelationshipCollection:307 - Parsing relationship: /xl/worksheets/_rels/sheet1.xml.rels
2026-01-06 14:53:51 DEBUG PackageRelationshipCollection:307 - Parsing relationship: /_rels/.rels
2026-01-06 14:53:51 DEBUG POIXMLFactory:65 - using default POIXMLDocumentPart for http://schemas.openxmlformats.org/officeDocument/2006/relationships/printerSettings
2026-01-06 14:53:51 DEBUG PackageRelationshipCollection:307 - Parsing relationship: /xl/_rels/workbook.xml.rels
2026-01-06 14:53:51 DEBUG PackageRelationshipCollection:307 - Parsing relationship: /xl/worksheets/_rels/sheet1.xml.rels
2026-01-06 14:53:51 DEBUG PackageRelationshipCollection:307 - Parsing relationship: /_rels/.rels
2026-01-06 14:53:51 DEBUG POIXMLFactory:65 - using default POIXMLDocumentPart for http://schemas.openxmlformats.org/officeDocument/2006/relationships/printerSettings
2026-01-06 14:53:51 DEBUG PackageRelationshipCollection:307 - Parsing relationship: /xl/_rels/workbook.xml.rels
2026-01-06 14:53:51 DEBUG PackageRelationshipCollection:307 - Parsing relationship: /xl/worksheets/_rels/sheet1.xml.rels
2026-01-06 14:53:51 DEBUG PackageRelationshipCollection:307 - Parsing relationship: /_rels/.rels
2026-01-06 14:53:51 DEBUG POIXMLFactory:65 - using default POIXMLDocumentPart for http://schemas.openxmlformats.org/officeDocument/2006/relationships/printerSettings
2026-01-06 14:53:51 DEBUG PackageRelationshipCollection:307 - Parsing relationship: /xl/_rels/workbook.xml.rels
2026-01-06 14:53:51 DEBUG PackageRelationshipCollection:307 - Parsing relationship: /xl/worksheets/_rels/sheet1.xml.rels
2026-01-06 14:53:51 DEBUG PackageRelationshipCollection:307 - Parsing relationship: /_rels/.rels
2026-01-06 14:53:51 DEBUG POIXMLFactory:65 - using default POIXMLDocumentPart for http://schemas.openxmlformats.org/officeDocument/2006/relationships/printerSettings
2026-01-06 14:53:51 DEBUG PackageRelationshipCollection:307 - Parsing relationship: /xl/_rels/workbook.xml.rels
2026-01-06 14:53:51 DEBUG PackageRelationshipCollection:307 - Parsing relationship: /xl/worksheets/_rels/sheet1.xml.rels
2026-01-06 14:53:51 DEBUG PackageRelationshipCollection:307 - Parsing relationship: /_rels/.rels
2026-01-06 14:53:51 DEBUG POIXMLFactory:65 - using default POIXMLDocumentPart for http://schemas.openxmlformats.org/officeDocument/2006/relationships/printerSettings
2026-01-06 14:53:51 INFO  TC02_Login:34 - ==== Starting testLogin for email: smitasharma.qa@gmail.com ====
2026-01-06 14:53:51 DEBUG TC02_Login:35 - Thread ID: 35
2026-01-06 14:53:51 DEBUG TC02_Login:36 - Input data -> email: smitasharma.qa@gmail.com, password: ss*QA123
2026-01-06 14:53:51 DEBUG TC02_Login:45 - Creating HomePage object
2026-01-06 14:53:51 DEBUG TC02_Login:49 - Clicking on My Account menu
2026-01-06 14:53:51 DEBUG TC02_Login:52 - Navigating to Login page
2026-01-06 14:53:51 DEBUG TC02_Login:56 - Creating LoginPage object
2026-01-06 14:53:51 DEBUG TC02_Login:59 - Entering email: smitasharma.qa@gmail.com
2026-01-06 14:53:51 DEBUG TC02_Login:62 - Entering password for email: smitasharma.qa@gmail.com
2026-01-06 14:53:51 DEBUG TC02_Login:65 - Clicking Login button
2026-01-06 14:53:51 DEBUG TC02_Login:69 - Creating AccountPage object
2026-01-06 14:53:51 DEBUG TC02_Login:72 - Checking if My Account confirmation element is displayed
2026-01-06 14:53:52 INFO  TC02_Login:74 - Login status for email smitasharma.qa@gmail.com -> true
2026-01-06 14:53:52 INFO  TC02_Login:79 - Login successful for email: smitasharma.qa@gmail.com
2026-01-06 14:53:52 DEBUG TC02_Login:80 - Performing logout steps after successful login
2026-01-06 14:53:52 DEBUG TC02_Login:83 - Clicked My Account dropdown
2026-01-06 14:53:52 DEBUG TC02_Login:86 - Clicked Logout
2026-01-06 14:53:52 INFO  TC02_Login:90 - Assertion passed for successful login for email: smitasharma.qa@gmail.com
2026-01-06 14:53:52 INFO  TC02_Login:108 - ==== Finished testLogin for email: smitasharma.qa@gmail.com ====
2026-01-06 14:53:52 INFO  TC02_Login:34 - ==== Starting testLogin for email: nona@yahoo.com ====
2026-01-06 14:53:52 DEBUG TC02_Login:35 - Thread ID: 35
2026-01-06 14:53:52 DEBUG TC02_Login:36 - Input data -> email: nona@yahoo.com, password: QWER!@#$
2026-01-06 14:53:52 DEBUG TC02_Login:45 - Creating HomePage object
2026-01-06 14:53:52 DEBUG TC02_Login:49 - Clicking on My Account menu
2026-01-06 14:53:52 DEBUG TC02_Login:52 - Navigating to Login page
2026-01-06 14:53:52 DEBUG TC02_Login:56 - Creating LoginPage object
2026-01-06 14:53:52 DEBUG TC02_Login:59 - Entering email: nona@yahoo.com
2026-01-06 14:53:52 DEBUG TC02_Login:62 - Entering password for email: nona@yahoo.com
2026-01-06 14:53:53 DEBUG TC02_Login:65 - Clicking Login button
2026-01-06 14:53:53 DEBUG TC02_Login:69 - Creating AccountPage object
2026-01-06 14:53:53 DEBUG TC02_Login:72 - Checking if My Account confirmation element is displayed
2026-01-06 14:53:53 INFO  TC02_Login:74 - Login status for email nona@yahoo.com -> true
2026-01-06 14:53:53 INFO  TC02_Login:79 - Login successful for email: nona@yahoo.com
2026-01-06 14:53:53 DEBUG TC02_Login:80 - Performing logout steps after successful login
2026-01-06 14:53:53 DEBUG TC02_Login:83 - Clicked My Account dropdown
2026-01-06 14:53:54 DEBUG TC02_Login:86 - Clicked Logout
2026-01-06 14:53:54 INFO  TC02_Login:90 - Assertion passed for successful login for email: nona@yahoo.com
2026-01-06 14:53:54 INFO  TC02_Login:108 - ==== Finished testLogin for email: nona@yahoo.com ====
2026-01-06 14:53:54 INFO  TC02_Login:34 - ==== Starting testLogin for email: sid@cloudberry.services ====
2026-01-06 14:53:54 DEBUG TC02_Login:35 - Thread ID: 35
2026-01-06 14:53:54 DEBUG TC02_Login:36 - Input data -> email: sid@cloudberry.services, password: Test123
2026-01-06 14:53:54 DEBUG TC02_Login:45 - Creating HomePage object
2026-01-06 14:53:54 DEBUG TC02_Login:49 - Clicking on My Account menu
2026-01-06 14:53:54 DEBUG TC02_Login:52 - Navigating to Login page
2026-01-06 14:53:54 DEBUG TC02_Login:56 - Creating LoginPage object
2026-01-06 14:53:54 DEBUG TC02_Login:59 - Entering email: sid@cloudberry.services
2026-01-06 14:53:54 DEBUG TC02_Login:62 - Entering password for email: sid@cloudberry.services
2026-01-06 14:53:54 DEBUG TC02_Login:65 - Clicking Login button
2026-01-06 14:53:54 DEBUG TC02_Login:69 - Creating AccountPage object
2026-01-06 14:53:54 DEBUG TC02_Login:72 - Checking if My Account confirmation element is displayed
2026-01-06 14:53:54 INFO  TC02_Login:74 - Login status for email sid@cloudberry.services -> true
2026-01-06 14:53:54 INFO  TC02_Login:79 - Login successful for email: sid@cloudberry.services
2026-01-06 14:53:54 DEBUG TC02_Login:80 - Performing logout steps after successful login
2026-01-06 14:53:54 DEBUG TC02_Login:83 - Clicked My Account dropdown
2026-01-06 14:53:55 DEBUG TC02_Login:86 - Clicked Logout
2026-01-06 14:53:55 INFO  TC02_Login:90 - Assertion passed for successful login for email: sid@cloudberry.services
2026-01-06 14:53:55 INFO  TC02_Login:108 - ==== Finished testLogin for email: sid@cloudberry.services ====
2026-01-06 14:53:55 INFO  TC02_Login:34 - ==== Starting testLogin for email: apushedwoman@gmail.com ====
2026-01-06 14:53:55 DEBUG TC02_Login:35 - Thread ID: 35
2026-01-06 14:53:55 DEBUG TC02_Login:36 - Input data -> email: apushedwoman@gmail.com, password: password123
2026-01-06 14:53:55 DEBUG TC02_Login:45 - Creating HomePage object
2026-01-06 14:53:55 DEBUG TC02_Login:49 - Clicking on My Account menu
2026-01-06 14:53:55 DEBUG TC02_Login:52 - Navigating to Login page
2026-01-06 14:53:55 DEBUG TC02_Login:56 - Creating LoginPage object
2026-01-06 14:53:55 DEBUG TC02_Login:59 - Entering email: apushedwoman@gmail.com
2026-01-06 14:53:55 DEBUG TC02_Login:62 - Entering password for email: apushedwoman@gmail.com
2026-01-06 14:53:55 DEBUG TC02_Login:65 - Clicking Login button
2026-01-06 14:53:55 DEBUG TC02_Login:69 - Creating AccountPage object
2026-01-06 14:53:55 DEBUG TC02_Login:72 - Checking if My Account confirmation element is displayed
2026-01-06 14:53:56 INFO  TC02_Login:74 - Login status for email apushedwoman@gmail.com -> true
2026-01-06 14:53:56 INFO  TC02_Login:79 - Login successful for email: apushedwoman@gmail.com
2026-01-06 14:53:56 DEBUG TC02_Login:80 - Performing logout steps after successful login
2026-01-06 14:53:56 DEBUG TC02_Login:83 - Clicked My Account dropdown
2026-01-06 14:53:56 DEBUG TC02_Login:86 - Clicked Logout
2026-01-06 14:53:56 INFO  TC02_Login:90 - Assertion passed for successful login for email: apushedwoman@gmail.com
2026-01-06 14:53:56 INFO  TC02_Login:108 - ==== Finished testLogin for email: apushedwoman@gmail.com ====
2026-01-06 14:53:56 INFO  TC02_Login:34 - ==== Starting testLogin for email: hichamkhachiai@gmail.com ====
2026-01-06 14:53:56 DEBUG TC02_Login:35 - Thread ID: 35
2026-01-06 14:53:56 DEBUG TC02_Login:36 - Input data -> email: hichamkhachiai@gmail.com, password: hicham123
2026-01-06 14:53:56 DEBUG TC02_Login:45 - Creating HomePage object
2026-01-06 14:53:56 DEBUG TC02_Login:49 - Clicking on My Account menu
2026-01-06 14:53:56 DEBUG TC02_Login:52 - Navigating to Login page
2026-01-06 14:53:56 DEBUG TC02_Login:56 - Creating LoginPage object
2026-01-06 14:53:56 DEBUG TC02_Login:59 - Entering email: hichamkhachiai@gmail.com
2026-01-06 14:53:56 DEBUG TC02_Login:62 - Entering password for email: hichamkhachiai@gmail.com
2026-01-06 14:53:56 DEBUG TC02_Login:65 - Clicking Login button
2026-01-06 14:53:56 DEBUG TC02_Login:69 - Creating AccountPage object
2026-01-06 14:53:56 DEBUG TC02_Login:72 - Checking if My Account confirmation element is displayed
2026-01-06 14:53:57 INFO  TC02_Login:74 - Login status for email hichamkhachiai@gmail.com -> true
2026-01-06 14:53:57 INFO  TC02_Login:79 - Login successful for email: hichamkhachiai@gmail.com
2026-01-06 14:53:57 DEBUG TC02_Login:80 - Performing logout steps after successful login
2026-01-06 14:53:57 DEBUG TC02_Login:83 - Clicked My Account dropdown
2026-01-06 14:53:57 DEBUG TC02_Login:86 - Clicked Logout
2026-01-06 14:53:57 INFO  TC02_Login:90 - Assertion passed for successful login for email: hichamkhachiai@gmail.com
2026-01-06 14:53:57 INFO  TC02_Login:108 - ==== Finished testLogin for email: hichamkhachiai@gmail.com ====
2026-01-06 14:53:57 INFO  BaseClass:158 - ========== Test Execution Completed ==========
2026-01-06 14:53:57 INFO  BaseClass:162 - Closing browser and quitting WebDriver
2026-01-06 14:53:57 INFO  BaseClass:48 - ========== Test Execution Started ==========
2026-01-06 14:53:57 DEBUG BaseClass:49 - Operating System: mac
2026-01-06 14:53:57 DEBUG BaseClass:50 - Browser Parameter Received: chrome
2026-01-06 14:53:57 DEBUG BaseClass:54 - Loading config.properties file
2026-01-06 14:53:57 INFO  BaseClass:110 - Launching Chrome browser
2026-01-06 14:53:58 DEBUG BaseClass:131 - WebDriver instance set to ThreadLocal
2026-01-06 14:53:58 DEBUG BaseClass:135 - Implicit wait set to 10 seconds
2026-01-06 14:53:58 INFO  BaseClass:138 - Navigating to application URL: https://cloudberrystore.services/
2026-01-06 14:54:00 DEBUG BaseClass:142 - Browser window maximized
2026-01-06 14:54:00 INFO  TC03_AddToCart:28 - ==== Starting testAddToCart ====
2026-01-06 14:54:00 DEBUG TC03_AddToCart:29 - Thread ID: 35
2026-01-06 14:54:00 DEBUG TC03_AddToCart:36 - Creating CategoryPage object
2026-01-06 14:54:00 DEBUG TC03_AddToCart:39 - Clicking on 'Laptops & Notebooks' category
2026-01-06 14:54:00 DEBUG TC03_AddToCart:42 - Clicking on 'Show All' under Laptops & Notebooks
2026-01-06 14:54:01 DEBUG TC03_AddToCart:46 - Waiting briefly for product list to load
2026-01-06 14:54:01 DEBUG TC03_AddToCart:49 - Selecting HP product from category listing
2026-01-06 14:54:03 DEBUG TC03_AddToCart:53 - Creating ProductPage object
2026-01-06 14:54:03 DEBUG TC03_AddToCart:56 - Setting delivery date for selected product
2026-01-06 14:54:03 DEBUG TC03_AddToCart:59 - Clicking 'Add to Cart' button
2026-01-06 14:54:03 DEBUG TC03_AddToCart:63 - Checking if success message is displayed after adding to cart
2026-01-06 14:54:04 INFO  TC03_AddToCart:65 - Add to cart success flag: true
2026-01-06 14:54:04 DEBUG TC03_AddToCart:68 - Performing assertion on success message visibility
2026-01-06 14:54:04 INFO  TC03_AddToCart:70 - Assertion passed: Product successfully added to cart
2026-01-06 14:54:04 INFO  TC03_AddToCart:83 - ==== Finished testAddToCart ====
2026-01-06 14:54:04 INFO  BaseClass:158 - ========== Test Execution Completed ==========
2026-01-06 14:54:04 INFO  BaseClass:162 - Closing browser and quitting WebDriver
2026-01-06 14:54:04 INFO  BaseClass:48 - ========== Test Execution Started ==========
2026-01-06 14:54:04 DEBUG BaseClass:49 - Operating System: mac
2026-01-06 14:54:04 DEBUG BaseClass:50 - Browser Parameter Received: chrome
2026-01-06 14:54:04 DEBUG BaseClass:54 - Loading config.properties file
2026-01-06 14:54:04 INFO  BaseClass:110 - Launching Chrome browser
2026-01-06 14:54:04 DEBUG BaseClass:131 - WebDriver instance set to ThreadLocal
2026-01-06 14:54:04 DEBUG BaseClass:135 - Implicit wait set to 10 seconds
2026-01-06 14:54:04 INFO  BaseClass:138 - Navigating to application URL: https://cloudberrystore.services/
2026-01-06 14:54:06 DEBUG BaseClass:142 - Browser window maximized
2026-01-06 14:54:06 INFO  TC04_CompletePurchase:32 - ==== Starting TC04_CompletePurchase.testAddToCart ====
2026-01-06 14:54:06 DEBUG TC04_CompletePurchase:33 - Thread ID: 35
2026-01-06 14:54:06 DEBUG TC04_CompletePurchase:43 - Creating CategoryPage object
2026-01-06 14:54:06 DEBUG TC04_CompletePurchase:46 - Clicking on 'Laptops & Notebooks' category
2026-01-06 14:54:07 DEBUG TC04_CompletePurchase:49 - Clicking on 'Show All' under Laptops & Notebooks
2026-01-06 14:54:07 DEBUG TC04_CompletePurchase:52 - Waiting briefly for product list to load
2026-01-06 14:54:08 DEBUG TC04_CompletePurchase:55 - Selecting HP product from category listing
2026-01-06 14:54:09 DEBUG TC04_CompletePurchase:59 - Creating ProductPage object
2026-01-06 14:54:09 DEBUG TC04_CompletePurchase:62 - Setting delivery date for selected product
2026-01-06 14:54:09 DEBUG TC04_CompletePurchase:65 - Clicking 'Add to Cart' button
2026-01-06 14:54:09 DEBUG TC04_CompletePurchase:68 - Clicking 'Checkout' button
2026-01-06 14:54:11 DEBUG TC04_CompletePurchase:72 - Creating CheckoutPage object
2026-01-06 14:54:11 DEBUG TC04_CompletePurchase:75 - Clicking on 'Login' option at Checkout
2026-01-06 14:54:11 DEBUG TC04_CompletePurchase:79 - Creating LoginPage object
2026-01-06 14:54:11 DEBUG TC04_CompletePurchase:84 - Entering checkout login credentials email: ivanarno90@gmail.com
2026-01-06 14:54:11 DEBUG TC04_CompletePurchase:89 - Clicking 'Login' button on Checkout login
2026-01-06 14:54:11 DEBUG TC04_CompletePurchase:93 - Completing checkout steps
2026-01-06 14:54:13 DEBUG TC04_CompletePurchase:97 - Creating ConfirmationPage object
2026-01-06 14:54:13 DEBUG TC04_CompletePurchase:100 - Checking if order placed confirmation is displayed
2026-01-06 14:54:13 INFO  TC04_CompletePurchase:102 - Order placed flag: true
2026-01-06 14:54:13 DEBUG TC04_CompletePurchase:106 - Performing assertion on order placement
2026-01-06 14:54:13 INFO  TC04_CompletePurchase:108 - Assertion passed: Order placed successfully
2026-01-06 14:54:13 INFO  TC04_CompletePurchase:121 - ==== Finished TC04_CompletePurchase.testAddToCart ====
2026-01-06 14:54:13 INFO  BaseClass:158 - ========== Test Execution Completed ==========
2026-01-06 14:54:13 INFO  BaseClass:162 - Closing browser and quitting WebDriver
2026-01-06 14:54:14 INFO  BaseClass:48 - ========== Test Execution Started ==========
2026-01-06 14:54:14 DEBUG BaseClass:49 - Operating System: mac
2026-01-06 14:54:14 DEBUG BaseClass:50 - Browser Parameter Received: chrome
2026-01-06 14:54:14 DEBUG BaseClass:54 - Loading config.properties file
2026-01-06 14:54:14 INFO  BaseClass:110 - Launching Chrome browser
2026-01-06 14:54:14 DEBUG BaseClass:131 - WebDriver instance set to ThreadLocal
2026-01-06 14:54:14 DEBUG BaseClass:135 - Implicit wait set to 10 seconds
2026-01-06 14:54:14 INFO  BaseClass:138 - Navigating to application URL: https://cloudberrystore.services/
2026-01-06 14:54:16 DEBUG BaseClass:142 - Browser window maximized
2026-01-06 14:54:16 INFO  TC05_AddToWishList:31 - ==== Starting TC05_AddToWishList.testAddToWishList ====
2026-01-06 14:54:16 DEBUG TC05_AddToWishList:32 - Thread ID: 35
2026-01-06 14:54:16 DEBUG TC05_AddToWishList:41 - Creating HomePage object
2026-01-06 14:54:16 DEBUG TC05_AddToWishList:44 - Clicking on 'My Account' on Home page
2026-01-06 14:54:16 DEBUG TC05_AddToWishList:47 - Navigating to Login page from Home page
2026-01-06 14:54:16 DEBUG TC05_AddToWishList:51 - Creating LoginPage object
2026-01-06 14:54:16 DEBUG TC05_AddToWishList:56 - Entering login credentials email: sid@cloudberry.services
2026-01-06 14:54:16 DEBUG TC05_AddToWishList:61 - Clicking 'Login' button
2026-01-06 14:54:16 DEBUG TC05_AddToWishList:65 - Creating CategoryPage object
2026-01-06 14:54:16 DEBUG TC05_AddToWishList:68 - Clicking on 'Laptops & Notebooks' category
2026-01-06 14:54:17 DEBUG TC05_AddToWishList:71 - Clicking on 'Show All' under Laptops & Notebooks
2026-01-06 14:54:17 DEBUG TC05_AddToWishList:74 - Waiting briefly for product list to load
2026-01-06 14:54:18 DEBUG TC05_AddToWishList:77 - Selecting HP product from category listing
2026-01-06 14:54:19 DEBUG TC05_AddToWishList:81 - Creating ProductPage object
2026-01-06 14:54:19 DEBUG TC05_AddToWishList:84 - Clicking 'Add to Wishlist' button
2026-01-06 14:54:19 DEBUG TC05_AddToWishList:88 - Checking if wishlist success message is displayed
2026-01-06 14:54:19 INFO  TC05_AddToWishList:90 - Wishlist success flag: true
2026-01-06 14:54:19 DEBUG TC05_AddToWishList:94 - Performing assertion on wishlist success message visibility
2026-01-06 14:54:19 INFO  TC05_AddToWishList:96 - Assertion passed: Wishlist success message is displayed
2026-01-06 14:54:19 INFO  TC05_AddToWishList:109 - ==== Finished TC05_AddToWishList.testAddToWishList ====
2026-01-06 14:54:19 INFO  BaseClass:158 - ========== Test Execution Completed ==========
2026-01-06 14:54:19 INFO  BaseClass:162 - Closing browser and quitting WebDriver
2026-01-06 14:54:19 INFO  BaseClass:48 - ========== Test Execution Started ==========
2026-01-06 14:54:19 DEBUG BaseClass:49 - Operating System: mac
2026-01-06 14:54:19 DEBUG BaseClass:50 - Browser Parameter Received: chrome
2026-01-06 14:54:19 DEBUG BaseClass:54 - Loading config.properties file
2026-01-06 14:54:19 INFO  BaseClass:110 - Launching Chrome browser
2026-01-06 14:54:20 DEBUG BaseClass:131 - WebDriver instance set to ThreadLocal
2026-01-06 14:54:20 DEBUG BaseClass:135 - Implicit wait set to 10 seconds
2026-01-06 14:54:20 INFO  BaseClass:138 - Navigating to application URL: https://cloudberrystore.services/
2026-01-06 14:54:21 DEBUG BaseClass:142 - Browser window maximized
2026-01-06 14:54:21 INFO  TC06_AddAffiliate:30 - ==== Starting TC06_AddAffiliate.testAddAffiliate ====
2026-01-06 14:54:21 DEBUG TC06_AddAffiliate:31 - Thread ID: 35
2026-01-06 14:54:21 DEBUG TC06_AddAffiliate:39 - Creating HomePage object
2026-01-06 14:54:21 DEBUG TC06_AddAffiliate:42 - Clicking on 'My Account' on Home page
2026-01-06 14:54:21 DEBUG TC06_AddAffiliate:45 - Navigating to Login page from Home page
2026-01-06 14:54:22 DEBUG TC06_AddAffiliate:49 - Creating LoginPage object
2026-01-06 14:54:22 DEBUG TC06_AddAffiliate:54 - Entering login credentials, email: sid@cloudberry.services
2026-01-06 14:54:22 DEBUG TC06_AddAffiliate:59 - Clicking 'Login' button
2026-01-06 14:54:22 DEBUG TC06_AddAffiliate:63 - Creating AffiliatePage object
2026-01-06 14:54:22 DEBUG TC06_AddAffiliate:66 - Navigating to affiliate registration/update form
2026-01-06 14:54:23 DEBUG TC06_AddAffiliate:73 - Filling affiliate details: company=CloudBerry, website=cloudberry.services, taxId=123456, payee=Shadab Siddiqui
2026-01-06 14:54:24 DEBUG TC06_AddAffiliate:79 - Checking if affiliate details were added successfully
2026-01-06 14:54:25 INFO  TC06_AddAffiliate:81 - Affiliate added flag: true
2026-01-06 14:54:25 DEBUG TC06_AddAffiliate:85 - Performing assertion on affiliate added flag
2026-01-06 14:54:25 INFO  TC06_AddAffiliate:87 - Assertion passed: Affiliate details added successfully
2026-01-06 14:54:25 INFO  TC06_AddAffiliate:100 - ==== Finished TC06_AddAffiliate.testAddAffiliate ====
2026-01-06 14:54:25 INFO  BaseClass:158 - ========== Test Execution Completed ==========
2026-01-06 14:54:25 INFO  BaseClass:162 - Closing browser and quitting WebDriver
2026-01-06 15:22:02 INFO  BaseClass:48 - ========== Test Execution Started ==========
2026-01-06 15:22:02 DEBUG BaseClass:49 - Operating System: mac
2026-01-06 15:22:02 DEBUG BaseClass:50 - Browser Parameter Received: chrome
2026-01-06 15:22:02 DEBUG BaseClass:54 - Loading config.properties file
2026-01-06 15:22:02 INFO  BaseClass:110 - Launching Chrome browser
2026-01-06 15:22:03 DEBUG BaseClass:131 - WebDriver instance set to ThreadLocal
2026-01-06 15:22:03 DEBUG BaseClass:135 - Implicit wait set to 10 seconds
2026-01-06 15:22:03 INFO  BaseClass:138 - Navigating to application URL: https://cloudberrystore.services/
2026-01-06 15:22:05 DEBUG BaseClass:142 - Browser window maximized
2026-01-06 15:22:05 INFO  TC01_LaunchApplication:30 - ==== Starting testLaunchApplication ====
2026-01-06 15:22:05 DEBUG TC01_LaunchApplication:32 - Thread ID: 34
2026-01-06 15:22:05 DEBUG TC01_LaunchApplication:40 - Initializing HomePage object
2026-01-06 15:22:05 DEBUG TC01_LaunchApplication:44 - Fetching page title from current driver
2026-01-06 15:22:05 INFO  TC01_LaunchApplication:46 - Actual page title: 'Your store of fun'
2026-01-06 15:22:05 DEBUG TC01_LaunchApplication:50 - Expected page title: 'Your store of fun'
2026-01-06 15:22:05 DEBUG TC01_LaunchApplication:54 - Performing assertion on page title
2026-01-06 15:22:05 INFO  TC01_LaunchApplication:56 - Title assertion passed
2026-01-06 15:22:05 INFO  TC01_LaunchApplication:72 - ==== Finished testLaunchApplication ====
2026-01-06 15:22:05 INFO  BaseClass:158 - ========== Test Execution Completed ==========
2026-01-06 15:22:05 INFO  BaseClass:162 - Closing browser and quitting WebDriver
2026-01-06 15:22:05 INFO  BaseClass:48 - ========== Test Execution Started ==========
2026-01-06 15:22:05 DEBUG BaseClass:49 - Operating System: mac
2026-01-06 15:22:05 DEBUG BaseClass:50 - Browser Parameter Received: chrome
2026-01-06 15:22:05 DEBUG BaseClass:54 - Loading config.properties file
2026-01-06 15:22:05 INFO  BaseClass:110 - Launching Chrome browser
2026-01-06 15:22:06 DEBUG BaseClass:131 - WebDriver instance set to ThreadLocal
2026-01-06 15:22:06 DEBUG BaseClass:135 - Implicit wait set to 10 seconds
2026-01-06 15:22:06 INFO  BaseClass:138 - Navigating to application URL: https://cloudberrystore.services/
2026-01-06 15:22:08 DEBUG BaseClass:142 - Browser window maximized
2026-01-06 15:22:09 DEBUG PackageRelationshipCollection:307 - Parsing relationship: /xl/_rels/workbook.xml.rels
2026-01-06 15:22:09 DEBUG PackageRelationshipCollection:307 - Parsing relationship: /xl/worksheets/_rels/sheet1.xml.rels
2026-01-06 15:22:09 DEBUG PackageRelationshipCollection:307 - Parsing relationship: /_rels/.rels
2026-01-06 15:22:09 DEBUG POIXMLFactory:65 - using default POIXMLDocumentPart for http://schemas.openxmlformats.org/officeDocument/2006/relationships/printerSettings
2026-01-06 15:22:09 DEBUG PackageRelationshipCollection:307 - Parsing relationship: /xl/_rels/workbook.xml.rels
2026-01-06 15:22:09 DEBUG PackageRelationshipCollection:307 - Parsing relationship: /xl/worksheets/_rels/sheet1.xml.rels
2026-01-06 15:22:09 DEBUG PackageRelationshipCollection:307 - Parsing relationship: /_rels/.rels
2026-01-06 15:22:09 DEBUG POIXMLFactory:65 - using default POIXMLDocumentPart for http://schemas.openxmlformats.org/officeDocument/2006/relationships/printerSettings
2026-01-06 15:22:09 DEBUG PackageRelationshipCollection:307 - Parsing relationship: /xl/_rels/workbook.xml.rels
2026-01-06 15:22:09 DEBUG PackageRelationshipCollection:307 - Parsing relationship: /xl/worksheets/_rels/sheet1.xml.rels
2026-01-06 15:22:09 DEBUG PackageRelationshipCollection:307 - Parsing relationship: /_rels/.rels
2026-01-06 15:22:09 DEBUG POIXMLFactory:65 - using default POIXMLDocumentPart for http://schemas.openxmlformats.org/officeDocument/2006/relationships/printerSettings
2026-01-06 15:22:09 DEBUG PackageRelationshipCollection:307 - Parsing relationship: /xl/_rels/workbook.xml.rels
2026-01-06 15:22:09 DEBUG PackageRelationshipCollection:307 - Parsing relationship: /xl/worksheets/_rels/sheet1.xml.rels
2026-01-06 15:22:09 DEBUG PackageRelationshipCollection:307 - Parsing relationship: /_rels/.rels
2026-01-06 15:22:09 DEBUG POIXMLFactory:65 - using default POIXMLDocumentPart for http://schemas.openxmlformats.org/officeDocument/2006/relationships/printerSettings
2026-01-06 15:22:09 DEBUG PackageRelationshipCollection:307 - Parsing relationship: /xl/_rels/workbook.xml.rels
2026-01-06 15:22:09 DEBUG PackageRelationshipCollection:307 - Parsing relationship: /xl/worksheets/_rels/sheet1.xml.rels
2026-01-06 15:22:09 DEBUG PackageRelationshipCollection:307 - Parsing relationship: /_rels/.rels
2026-01-06 15:22:09 DEBUG POIXMLFactory:65 - using default POIXMLDocumentPart for http://schemas.openxmlformats.org/officeDocument/2006/relationships/printerSettings
2026-01-06 15:22:09 DEBUG PackageRelationshipCollection:307 - Parsing relationship: /xl/_rels/workbook.xml.rels
2026-01-06 15:22:09 DEBUG PackageRelationshipCollection:307 - Parsing relationship: /xl/worksheets/_rels/sheet1.xml.rels
2026-01-06 15:22:09 DEBUG PackageRelationshipCollection:307 - Parsing relationship: /_rels/.rels
2026-01-06 15:22:09 DEBUG POIXMLFactory:65 - using default POIXMLDocumentPart for http://schemas.openxmlformats.org/officeDocument/2006/relationships/printerSettings
2026-01-06 15:22:09 DEBUG PackageRelationshipCollection:307 - Parsing relationship: /xl/_rels/workbook.xml.rels
2026-01-06 15:22:09 DEBUG PackageRelationshipCollection:307 - Parsing relationship: /xl/worksheets/_rels/sheet1.xml.rels
2026-01-06 15:22:09 DEBUG PackageRelationshipCollection:307 - Parsing relationship: /_rels/.rels
2026-01-06 15:22:09 DEBUG POIXMLFactory:65 - using default POIXMLDocumentPart for http://schemas.openxmlformats.org/officeDocument/2006/relationships/printerSettings
2026-01-06 15:22:09 DEBUG PackageRelationshipCollection:307 - Parsing relationship: /xl/_rels/workbook.xml.rels
2026-01-06 15:22:09 DEBUG PackageRelationshipCollection:307 - Parsing relationship: /xl/worksheets/_rels/sheet1.xml.rels
2026-01-06 15:22:09 DEBUG PackageRelationshipCollection:307 - Parsing relationship: /_rels/.rels
2026-01-06 15:22:09 DEBUG POIXMLFactory:65 - using default POIXMLDocumentPart for http://schemas.openxmlformats.org/officeDocument/2006/relationships/printerSettings
2026-01-06 15:22:09 DEBUG PackageRelationshipCollection:307 - Parsing relationship: /xl/_rels/workbook.xml.rels
2026-01-06 15:22:09 DEBUG PackageRelationshipCollection:307 - Parsing relationship: /xl/worksheets/_rels/sheet1.xml.rels
2026-01-06 15:22:09 DEBUG PackageRelationshipCollection:307 - Parsing relationship: /_rels/.rels
2026-01-06 15:22:09 DEBUG POIXMLFactory:65 - using default POIXMLDocumentPart for http://schemas.openxmlformats.org/officeDocument/2006/relationships/printerSettings
2026-01-06 15:22:09 DEBUG PackageRelationshipCollection:307 - Parsing relationship: /xl/_rels/workbook.xml.rels
2026-01-06 15:22:09 DEBUG PackageRelationshipCollection:307 - Parsing relationship: /xl/worksheets/_rels/sheet1.xml.rels
2026-01-06 15:22:09 DEBUG PackageRelationshipCollection:307 - Parsing relationship: /_rels/.rels
2026-01-06 15:22:09 DEBUG POIXMLFactory:65 - using default POIXMLDocumentPart for http://schemas.openxmlformats.org/officeDocument/2006/relationships/printerSettings
2026-01-06 15:22:09 DEBUG PackageRelationshipCollection:307 - Parsing relationship: /xl/_rels/workbook.xml.rels
2026-01-06 15:22:09 DEBUG PackageRelationshipCollection:307 - Parsing relationship: /xl/worksheets/_rels/sheet1.xml.rels
2026-01-06 15:22:09 DEBUG PackageRelationshipCollection:307 - Parsing relationship: /_rels/.rels
2026-01-06 15:22:09 DEBUG POIXMLFactory:65 - using default POIXMLDocumentPart for http://schemas.openxmlformats.org/officeDocument/2006/relationships/printerSettings
2026-01-06 15:22:09 DEBUG PackageRelationshipCollection:307 - Parsing relationship: /xl/_rels/workbook.xml.rels
2026-01-06 15:22:09 DEBUG PackageRelationshipCollection:307 - Parsing relationship: /xl/worksheets/_rels/sheet1.xml.rels
2026-01-06 15:22:09 DEBUG PackageRelationshipCollection:307 - Parsing relationship: /_rels/.rels
2026-01-06 15:22:09 DEBUG POIXMLFactory:65 - using default POIXMLDocumentPart for http://schemas.openxmlformats.org/officeDocument/2006/relationships/printerSettings
2026-01-06 15:22:09 INFO  TC02_Login:34 - ==== Starting testLogin for email: smitasharma.qa@gmail.com ====
2026-01-06 15:22:09 DEBUG TC02_Login:35 - Thread ID: 34
2026-01-06 15:22:09 DEBUG TC02_Login:36 - Input data -> email: smitasharma.qa@gmail.com, password: ss*QA123
2026-01-06 15:22:09 DEBUG TC02_Login:45 - Creating HomePage object
2026-01-06 15:22:09 DEBUG TC02_Login:49 - Clicking on My Account menu
2026-01-06 15:22:09 DEBUG TC02_Login:52 - Navigating to Login page
2026-01-06 15:22:10 DEBUG TC02_Login:56 - Creating LoginPage object
2026-01-06 15:22:10 DEBUG TC02_Login:59 - Entering email: smitasharma.qa@gmail.com
2026-01-06 15:22:10 DEBUG TC02_Login:62 - Entering password for email: smitasharma.qa@gmail.com
2026-01-06 15:22:10 DEBUG TC02_Login:65 - Clicking Login button
2026-01-06 15:22:10 DEBUG TC02_Login:69 - Creating AccountPage object
2026-01-06 15:22:10 DEBUG TC02_Login:72 - Checking if My Account confirmation element is displayed
2026-01-06 15:22:10 INFO  TC02_Login:74 - Login status for email smitasharma.qa@gmail.com -> true
2026-01-06 15:22:10 INFO  TC02_Login:79 - Login successful for email: smitasharma.qa@gmail.com
2026-01-06 15:22:10 DEBUG TC02_Login:80 - Performing logout steps after successful login
2026-01-06 15:22:10 DEBUG TC02_Login:83 - Clicked My Account dropdown
2026-01-06 15:22:11 DEBUG TC02_Login:86 - Clicked Logout
2026-01-06 15:22:11 INFO  TC02_Login:90 - Assertion passed for successful login for email: smitasharma.qa@gmail.com
2026-01-06 15:22:11 INFO  TC02_Login:108 - ==== Finished testLogin for email: smitasharma.qa@gmail.com ====
2026-01-06 15:22:11 INFO  TC02_Login:34 - ==== Starting testLogin for email: nona@yahoo.com ====
2026-01-06 15:22:11 DEBUG TC02_Login:35 - Thread ID: 34
2026-01-06 15:22:11 DEBUG TC02_Login:36 - Input data -> email: nona@yahoo.com, password: QWER!@#$
2026-01-06 15:22:11 DEBUG TC02_Login:45 - Creating HomePage object
2026-01-06 15:22:11 DEBUG TC02_Login:49 - Clicking on My Account menu
2026-01-06 15:22:11 DEBUG TC02_Login:52 - Navigating to Login page
2026-01-06 15:22:11 DEBUG TC02_Login:56 - Creating LoginPage object
2026-01-06 15:22:11 DEBUG TC02_Login:59 - Entering email: nona@yahoo.com
2026-01-06 15:22:11 DEBUG TC02_Login:62 - Entering password for email: nona@yahoo.com
2026-01-06 15:22:11 DEBUG TC02_Login:65 - Clicking Login button
2026-01-06 15:22:11 DEBUG TC02_Login:69 - Creating AccountPage object
2026-01-06 15:22:11 DEBUG TC02_Login:72 - Checking if My Account confirmation element is displayed
2026-01-06 15:22:11 INFO  TC02_Login:74 - Login status for email nona@yahoo.com -> true
2026-01-06 15:22:11 INFO  TC02_Login:79 - Login successful for email: nona@yahoo.com
2026-01-06 15:22:11 DEBUG TC02_Login:80 - Performing logout steps after successful login
2026-01-06 15:22:11 DEBUG TC02_Login:83 - Clicked My Account dropdown
2026-01-06 15:22:12 DEBUG TC02_Login:86 - Clicked Logout
2026-01-06 15:22:12 INFO  TC02_Login:90 - Assertion passed for successful login for email: nona@yahoo.com
2026-01-06 15:22:12 INFO  TC02_Login:108 - ==== Finished testLogin for email: nona@yahoo.com ====
2026-01-06 15:22:12 INFO  TC02_Login:34 - ==== Starting testLogin for email: sid@cloudberry.services ====
2026-01-06 15:22:12 DEBUG TC02_Login:35 - Thread ID: 34
2026-01-06 15:22:12 DEBUG TC02_Login:36 - Input data -> email: sid@cloudberry.services, password: Test123
2026-01-06 15:22:12 DEBUG TC02_Login:45 - Creating HomePage object
2026-01-06 15:22:12 DEBUG TC02_Login:49 - Clicking on My Account menu
2026-01-06 15:22:12 DEBUG TC02_Login:52 - Navigating to Login page
2026-01-06 15:22:12 DEBUG TC02_Login:56 - Creating LoginPage object
2026-01-06 15:22:12 DEBUG TC02_Login:59 - Entering email: sid@cloudberry.services
2026-01-06 15:22:12 DEBUG TC02_Login:62 - Entering password for email: sid@cloudberry.services
2026-01-06 15:22:12 DEBUG TC02_Login:65 - Clicking Login button
2026-01-06 15:22:12 DEBUG TC02_Login:69 - Creating AccountPage object
2026-01-06 15:22:12 DEBUG TC02_Login:72 - Checking if My Account confirmation element is displayed
2026-01-06 15:22:12 INFO  TC02_Login:74 - Login status for email sid@cloudberry.services -> true
2026-01-06 15:22:12 INFO  TC02_Login:79 - Login successful for email: sid@cloudberry.services
2026-01-06 15:22:12 DEBUG TC02_Login:80 - Performing logout steps after successful login
2026-01-06 15:22:12 DEBUG TC02_Login:83 - Clicked My Account dropdown
2026-01-06 15:22:13 DEBUG TC02_Login:86 - Clicked Logout
2026-01-06 15:22:13 INFO  TC02_Login:90 - Assertion passed for successful login for email: sid@cloudberry.services
2026-01-06 15:22:13 INFO  TC02_Login:108 - ==== Finished testLogin for email: sid@cloudberry.services ====
2026-01-06 15:22:13 INFO  TC02_Login:34 - ==== Starting testLogin for email: apushedwoman@gmail.com ====
2026-01-06 15:22:13 DEBUG TC02_Login:35 - Thread ID: 34
2026-01-06 15:22:13 DEBUG TC02_Login:36 - Input data -> email: apushedwoman@gmail.com, password: password123
2026-01-06 15:22:13 DEBUG TC02_Login:45 - Creating HomePage object
2026-01-06 15:22:13 DEBUG TC02_Login:49 - Clicking on My Account menu
2026-01-06 15:22:13 DEBUG TC02_Login:52 - Navigating to Login page
2026-01-06 15:22:13 DEBUG TC02_Login:56 - Creating LoginPage object
2026-01-06 15:22:13 DEBUG TC02_Login:59 - Entering email: apushedwoman@gmail.com
2026-01-06 15:22:13 DEBUG TC02_Login:62 - Entering password for email: apushedwoman@gmail.com
2026-01-06 15:22:13 DEBUG TC02_Login:65 - Clicking Login button
2026-01-06 15:22:13 DEBUG TC02_Login:69 - Creating AccountPage object
2026-01-06 15:22:13 DEBUG TC02_Login:72 - Checking if My Account confirmation element is displayed
2026-01-06 15:22:13 INFO  TC02_Login:74 - Login status for email apushedwoman@gmail.com -> true
2026-01-06 15:22:13 INFO  TC02_Login:79 - Login successful for email: apushedwoman@gmail.com
2026-01-06 15:22:13 DEBUG TC02_Login:80 - Performing logout steps after successful login
2026-01-06 15:22:13 DEBUG TC02_Login:83 - Clicked My Account dropdown
2026-01-06 15:22:14 DEBUG TC02_Login:86 - Clicked Logout
2026-01-06 15:22:14 INFO  TC02_Login:90 - Assertion passed for successful login for email: apushedwoman@gmail.com
2026-01-06 15:22:14 INFO  TC02_Login:108 - ==== Finished testLogin for email: apushedwoman@gmail.com ====
2026-01-06 15:22:14 INFO  TC02_Login:34 - ==== Starting testLogin for email: hichamkhachiai@gmail.com ====
2026-01-06 15:22:14 DEBUG TC02_Login:35 - Thread ID: 34
2026-01-06 15:22:14 DEBUG TC02_Login:36 - Input data -> email: hichamkhachiai@gmail.com, password: hicham123
2026-01-06 15:22:14 DEBUG TC02_Login:45 - Creating HomePage object
2026-01-06 15:22:14 DEBUG TC02_Login:49 - Clicking on My Account menu
2026-01-06 15:22:14 DEBUG TC02_Login:52 - Navigating to Login page
2026-01-06 15:22:14 DEBUG TC02_Login:56 - Creating LoginPage object
2026-01-06 15:22:14 DEBUG TC02_Login:59 - Entering email: hichamkhachiai@gmail.com
2026-01-06 15:22:14 DEBUG TC02_Login:62 - Entering password for email: hichamkhachiai@gmail.com
2026-01-06 15:22:14 DEBUG TC02_Login:65 - Clicking Login button
2026-01-06 15:22:14 DEBUG TC02_Login:69 - Creating AccountPage object
2026-01-06 15:22:14 DEBUG TC02_Login:72 - Checking if My Account confirmation element is displayed
2026-01-06 15:22:14 INFO  TC02_Login:74 - Login status for email hichamkhachiai@gmail.com -> true
2026-01-06 15:22:14 INFO  TC02_Login:79 - Login successful for email: hichamkhachiai@gmail.com
2026-01-06 15:22:14 DEBUG TC02_Login:80 - Performing logout steps after successful login
2026-01-06 15:22:14 DEBUG TC02_Login:83 - Clicked My Account dropdown
2026-01-06 15:22:15 DEBUG TC02_Login:86 - Clicked Logout
2026-01-06 15:22:15 INFO  TC02_Login:90 - Assertion passed for successful login for email: hichamkhachiai@gmail.com
2026-01-06 15:22:15 INFO  TC02_Login:108 - ==== Finished testLogin for email: hichamkhachiai@gmail.com ====
2026-01-06 15:22:15 INFO  BaseClass:158 - ========== Test Execution Completed ==========
2026-01-06 15:22:15 INFO  BaseClass:162 - Closing browser and quitting WebDriver
2026-01-06 15:22:15 INFO  BaseClass:48 - ========== Test Execution Started ==========
2026-01-06 15:22:15 DEBUG BaseClass:49 - Operating System: mac
2026-01-06 15:22:15 DEBUG BaseClass:50 - Browser Parameter Received: chrome
2026-01-06 15:22:15 DEBUG BaseClass:54 - Loading config.properties file
2026-01-06 15:22:15 INFO  BaseClass:110 - Launching Chrome browser
2026-01-06 15:22:16 DEBUG BaseClass:131 - WebDriver instance set to ThreadLocal
2026-01-06 15:22:16 DEBUG BaseClass:135 - Implicit wait set to 10 seconds
2026-01-06 15:22:16 INFO  BaseClass:138 - Navigating to application URL: https://cloudberrystore.services/
2026-01-06 15:22:18 DEBUG BaseClass:142 - Browser window maximized
2026-01-06 15:22:18 INFO  TC03_AddToCart:28 - ==== Starting testAddToCart ====
2026-01-06 15:22:18 DEBUG TC03_AddToCart:29 - Thread ID: 34
2026-01-06 15:22:18 DEBUG TC03_AddToCart:36 - Creating CategoryPage object
2026-01-06 15:22:18 DEBUG TC03_AddToCart:39 - Clicking on 'Laptops & Notebooks' category
2026-01-06 15:22:18 DEBUG TC03_AddToCart:42 - Clicking on 'Show All' under Laptops & Notebooks
2026-01-06 15:22:19 DEBUG TC03_AddToCart:46 - Waiting briefly for product list to load
2026-01-06 15:22:19 DEBUG TC03_AddToCart:49 - Selecting HP product from category listing
2026-01-06 15:22:20 DEBUG TC03_AddToCart:53 - Creating ProductPage object
2026-01-06 15:22:20 DEBUG TC03_AddToCart:56 - Setting delivery date for selected product
2026-01-06 15:22:21 DEBUG TC03_AddToCart:59 - Clicking 'Add to Cart' button
2026-01-06 15:22:21 DEBUG TC03_AddToCart:63 - Checking if success message is displayed after adding to cart
2026-01-06 15:22:21 INFO  TC03_AddToCart:65 - Add to cart success flag: true
2026-01-06 15:22:21 DEBUG TC03_AddToCart:68 - Performing assertion on success message visibility
2026-01-06 15:22:21 INFO  TC03_AddToCart:70 - Assertion passed: Product successfully added to cart
2026-01-06 15:22:21 INFO  TC03_AddToCart:83 - ==== Finished testAddToCart ====
2026-01-06 15:22:21 INFO  BaseClass:158 - ========== Test Execution Completed ==========
2026-01-06 15:22:21 INFO  BaseClass:162 - Closing browser and quitting WebDriver
2026-01-06 15:22:21 INFO  BaseClass:48 - ========== Test Execution Started ==========
2026-01-06 15:22:21 DEBUG BaseClass:49 - Operating System: mac
2026-01-06 15:22:21 DEBUG BaseClass:50 - Browser Parameter Received: chrome
2026-01-06 15:22:21 DEBUG BaseClass:54 - Loading config.properties file
2026-01-06 15:22:21 INFO  BaseClass:110 - Launching Chrome browser
2026-01-06 15:22:22 DEBUG BaseClass:131 - WebDriver instance set to ThreadLocal
2026-01-06 15:22:22 DEBUG BaseClass:135 - Implicit wait set to 10 seconds
2026-01-06 15:22:22 INFO  BaseClass:138 - Navigating to application URL: https://cloudberrystore.services/
2026-01-06 15:22:24 DEBUG BaseClass:142 - Browser window maximized
2026-01-06 15:22:24 INFO  TC04_CompletePurchase:32 - ==== Starting TC04_CompletePurchase.testAddToCart ====
2026-01-06 15:22:24 DEBUG TC04_CompletePurchase:33 - Thread ID: 34
2026-01-06 15:22:24 DEBUG TC04_CompletePurchase:43 - Creating CategoryPage object
2026-01-06 15:22:24 DEBUG TC04_CompletePurchase:46 - Clicking on 'Laptops & Notebooks' category
2026-01-06 15:22:25 DEBUG TC04_CompletePurchase:49 - Clicking on 'Show All' under Laptops & Notebooks
2026-01-06 15:22:25 DEBUG TC04_CompletePurchase:52 - Waiting briefly for product list to load
2026-01-06 15:22:26 DEBUG TC04_CompletePurchase:55 - Selecting HP product from category listing
2026-01-06 15:22:27 DEBUG TC04_CompletePurchase:59 - Creating ProductPage object
2026-01-06 15:22:27 DEBUG TC04_CompletePurchase:62 - Setting delivery date for selected product
2026-01-06 15:22:27 DEBUG TC04_CompletePurchase:65 - Clicking 'Add to Cart' button
2026-01-06 15:22:28 DEBUG TC04_CompletePurchase:68 - Clicking 'Checkout' button
2026-01-06 15:22:29 DEBUG TC04_CompletePurchase:72 - Creating CheckoutPage object
2026-01-06 15:22:29 DEBUG TC04_CompletePurchase:75 - Clicking on 'Login' option at Checkout
2026-01-06 15:22:29 DEBUG TC04_CompletePurchase:79 - Creating LoginPage object
2026-01-06 15:22:29 DEBUG TC04_CompletePurchase:84 - Entering checkout login credentials email: ivanarno90@gmail.com
2026-01-06 15:22:30 DEBUG TC04_CompletePurchase:89 - Clicking 'Login' button on Checkout login
2026-01-06 15:22:30 DEBUG TC04_CompletePurchase:93 - Completing checkout steps
2026-01-06 15:22:32 ERROR TC04_CompletePurchase:117 - Unexpected exception in TC04_CompletePurchase.testAddToCart
org.openqa.selenium.ElementClickInterceptedException: element click intercepted: Element <button type="button" id="button-payment-methods" class="btn btn-primary">...</button> is not clickable at point (1475, 530). Other element would receive the click: <div id="modal-shipping" class="modal show" aria-modal="true" role="dialog" style="display: block;">...</div>
  (Session info: chrome=143.0.7499.170)
Build info: version: '4.38.0', revision: '6b412e825c*'
System info: os.name: 'Mac OS X', os.arch: 'aarch64', os.version: '15.6.1', java.version: '22.0.2'
Driver info: org.openqa.selenium.chrome.ChromeDriver
Command: [883baed73112d6fa7209b621e436270e, clickElement {id=f.EF42D2FECA3DFD9F78B03F7A17839B84.d.EDE2F791CD8F9B03877DB5BF621710BD.e.5977}]
Capabilities {acceptInsecureCerts: false, browserName: chrome, browserVersion: 143.0.7499.170, chrome: {chromedriverVersion: 143.0.7499.169 (164b20aab62..., userDataDir: /var/folders/67/by74vg5527l...}, fedcm:accounts: true, goog:chromeOptions: {debuggerAddress: localhost:52948}, goog:processID: 64486, networkConnectionEnabled: false, pageLoadStrategy: normal, platformName: mac, proxy: Proxy(), se:cdp: ws://localhost:52948/devtoo..., se:cdpVersion: 143.0.7499.170, setWindowRect: true, strictFileInteractability: false, timeouts: {implicit: 0, pageLoad: 300000, script: 30000}, unhandledPromptBehavior: dismiss and notify, webauthn:extension:credBlob: true, webauthn:extension:largeBlob: true, webauthn:extension:minPinLength: true, webauthn:extension:prf: true, webauthn:virtualAuthenticators: true}
Element: [[ChromeDriver: chrome on mac (883baed73112d6fa7209b621e436270e)] -> id: button-payment-methods]
Session ID: 883baed73112d6fa7209b621e436270e
	at java.base/jdk.internal.reflect.DirectConstructorHandleAccessor.newInstance(DirectConstructorHandleAccessor.java:62)
	at java.base/java.lang.reflect.Constructor.newInstanceWithCaller(Constructor.java:502)
	at java.base/java.lang.reflect.Constructor.newInstance(Constructor.java:486)
	at org.openqa.selenium.remote.ErrorCodec.decode(ErrorCodec.java:167)
	at org.openqa.selenium.remote.codec.w3c.W3CHttpResponseCodec.decode(W3CHttpResponseCodec.java:138)
	at org.openqa.selenium.remote.codec.w3c.W3CHttpResponseCodec.decode(W3CHttpResponseCodec.java:50)
	at org.openqa.selenium.remote.HttpCommandExecutor.execute(HttpCommandExecutor.java:215)
	at org.openqa.selenium.remote.service.DriverCommandExecutor.invokeExecute(DriverCommandExecutor.java:216)
	at org.openqa.selenium.remote.service.DriverCommandExecutor.execute(DriverCommandExecutor.java:174)
	at org.openqa.selenium.remote.RemoteWebDriver.execute(RemoteWebDriver.java:557)
	at org.openqa.selenium.remote.RemoteWebElement.execute(RemoteWebElement.java:223)
	at org.openqa.selenium.remote.RemoteWebElement.click(RemoteWebElement.java:76)
	at java.base/jdk.internal.reflect.DirectMethodHandleAccessor.invoke(DirectMethodHandleAccessor.java:103)
	at java.base/java.lang.reflect.Method.invoke(Method.java:580)
	at org.openqa.selenium.support.pagefactory.internal.LocatingElementHandler.invoke(LocatingElementHandler.java:51)
	at jdk.proxy2/jdk.proxy2.$Proxy28.click(Unknown Source)
	at pageObjects.CheckoutPage.completeCheckout(CheckoutPage.java:45)
	at testCases.TC04_CompletePurchase.testAddToCart(TC04_CompletePurchase.java:94)
	at java.base/jdk.internal.reflect.DirectMethodHandleAccessor.invoke(DirectMethodHandleAccessor.java:103)
	at java.base/java.lang.reflect.Method.invoke(Method.java:580)
	at org.testng.internal.invokers.MethodInvocationHelper.invokeMethod(MethodInvocationHelper.java:141)
	at org.testng.internal.invokers.TestInvoker.invokeMethod(TestInvoker.java:687)
	at org.testng.internal.invokers.TestInvoker.invokeTestMethod(TestInvoker.java:230)
	at org.testng.internal.invokers.MethodRunner.runInSequence(MethodRunner.java:63)
	at org.testng.internal.invokers.TestInvoker$MethodInvocationAgent.invoke(TestInvoker.java:995)
	at org.testng.internal.invokers.TestInvoker.invokeTestMethods(TestInvoker.java:203)
	at org.testng.internal.invokers.TestMethodWorker.invokeTestMethods(TestMethodWorker.java:154)
	at org.testng.internal.invokers.TestMethodWorker.run(TestMethodWorker.java:134)
	at java.base/java.util.ArrayList.forEach(ArrayList.java:1597)
	at org.testng.TestRunner.privateRun(TestRunner.java:741)
	at org.testng.TestRunner.run(TestRunner.java:616)
	at org.testng.SuiteRunner.runTest(SuiteRunner.java:421)
	at org.testng.SuiteRunner$SuiteWorker.run(SuiteRunner.java:463)
	at org.testng.internal.thread.ThreadUtil.lambda$execute$0(ThreadUtil.java:64)
	at java.base/java.util.concurrent.FutureTask.run(FutureTask.java:317)
	at java.base/java.util.concurrent.ThreadPoolExecutor.runWorker(ThreadPoolExecutor.java:1144)
	at java.base/java.util.concurrent.ThreadPoolExecutor$Worker.run(ThreadPoolExecutor.java:642)
	at java.base/java.lang.Thread.run(Thread.java:1570)
2026-01-06 15:22:32 INFO  TC04_CompletePurchase:121 - ==== Finished TC04_CompletePurchase.testAddToCart ====
2026-01-06 15:22:32 WARN  RetryAnalyzer:18 - Retrying test 'testAddToCart' (1 of 2)
2026-01-06 15:22:32 INFO  TC04_CompletePurchase:32 - ==== Starting TC04_CompletePurchase.testAddToCart ====
2026-01-06 15:22:32 DEBUG TC04_CompletePurchase:33 - Thread ID: 34
2026-01-06 15:22:32 DEBUG TC04_CompletePurchase:43 - Creating CategoryPage object
2026-01-06 15:22:32 DEBUG TC04_CompletePurchase:46 - Clicking on 'Laptops & Notebooks' category
2026-01-06 15:22:33 ERROR TC04_CompletePurchase:117 - Unexpected exception in TC04_CompletePurchase.testAddToCart
org.openqa.selenium.ElementClickInterceptedException: element click intercepted: Element <a href="https://www.cloudberrystore.services/index.php?route=product/category&amp;language=en-gb&amp;path=18" class="nav-link dropdown-toggle" data-bs-toggle="dropdown">...</a> is not clickable at point (400, 21). Other element would receive the click: <div id="modal-shipping" class="modal show" aria-modal="true" role="dialog" style="display: block;">...</div>
  (Session info: chrome=143.0.7499.170)
Build info: version: '4.38.0', revision: '6b412e825c*'
System info: os.name: 'Mac OS X', os.arch: 'aarch64', os.version: '15.6.1', java.version: '22.0.2'
Driver info: org.openqa.selenium.chrome.ChromeDriver
Command: [883baed73112d6fa7209b621e436270e, clickElement {id=f.EF42D2FECA3DFD9F78B03F7A17839B84.d.EDE2F791CD8F9B03877DB5BF621710BD.e.4673}]
Capabilities {acceptInsecureCerts: false, browserName: chrome, browserVersion: 143.0.7499.170, chrome: {chromedriverVersion: 143.0.7499.169 (164b20aab62..., userDataDir: /var/folders/67/by74vg5527l...}, fedcm:accounts: true, goog:chromeOptions: {debuggerAddress: localhost:52948}, goog:processID: 64486, networkConnectionEnabled: false, pageLoadStrategy: normal, platformName: mac, proxy: Proxy(), se:cdp: ws://localhost:52948/devtoo..., se:cdpVersion: 143.0.7499.170, setWindowRect: true, strictFileInteractability: false, timeouts: {implicit: 0, pageLoad: 300000, script: 30000}, unhandledPromptBehavior: dismiss and notify, webauthn:extension:credBlob: true, webauthn:extension:largeBlob: true, webauthn:extension:minPinLength: true, webauthn:extension:prf: true, webauthn:virtualAuthenticators: true}
Element: [[ChromeDriver: chrome on mac (883baed73112d6fa7209b621e436270e)] -> xpath: //a[normalize-space()='Laptops & Notebooks']]
Session ID: 883baed73112d6fa7209b621e436270e
	at java.base/jdk.internal.reflect.DirectConstructorHandleAccessor.newInstance(DirectConstructorHandleAccessor.java:62)
	at java.base/java.lang.reflect.Constructor.newInstanceWithCaller(Constructor.java:502)
	at java.base/java.lang.reflect.Constructor.newInstance(Constructor.java:486)
	at org.openqa.selenium.remote.ErrorCodec.decode(ErrorCodec.java:167)
	at org.openqa.selenium.remote.codec.w3c.W3CHttpResponseCodec.decode(W3CHttpResponseCodec.java:138)
	at org.openqa.selenium.remote.codec.w3c.W3CHttpResponseCodec.decode(W3CHttpResponseCodec.java:50)
	at org.openqa.selenium.remote.HttpCommandExecutor.execute(HttpCommandExecutor.java:215)
	at org.openqa.selenium.remote.service.DriverCommandExecutor.invokeExecute(DriverCommandExecutor.java:216)
	at org.openqa.selenium.remote.service.DriverCommandExecutor.execute(DriverCommandExecutor.java:174)
	at org.openqa.selenium.remote.RemoteWebDriver.execute(RemoteWebDriver.java:557)
	at org.openqa.selenium.remote.RemoteWebElement.execute(RemoteWebElement.java:223)
	at org.openqa.selenium.remote.RemoteWebElement.click(RemoteWebElement.java:76)
	at java.base/jdk.internal.reflect.DirectMethodHandleAccessor.invoke(DirectMethodHandleAccessor.java:103)
	at java.base/java.lang.reflect.Method.invoke(Method.java:580)
	at org.openqa.selenium.support.pagefactory.internal.LocatingElementHandler.invoke(LocatingElementHandler.java:51)
	at jdk.proxy2/jdk.proxy2.$Proxy28.click(Unknown Source)
	at pageObjects.CategoryPage.clickLaptopsAndNotebooks(CategoryPage.java:36)
	at testCases.TC04_CompletePurchase.testAddToCart(TC04_CompletePurchase.java:47)
	at java.base/jdk.internal.reflect.DirectMethodHandleAccessor.invoke(DirectMethodHandleAccessor.java:103)
	at java.base/java.lang.reflect.Method.invoke(Method.java:580)
	at org.testng.internal.invokers.MethodInvocationHelper.invokeMethod(MethodInvocationHelper.java:141)
	at org.testng.internal.invokers.TestInvoker.invokeMethod(TestInvoker.java:687)
	at org.testng.internal.invokers.TestInvoker.retryFailed(TestInvoker.java:269)
	at org.testng.internal.invokers.MethodRunner.runInSequence(MethodRunner.java:76)
	at org.testng.internal.invokers.TestInvoker$MethodInvocationAgent.invoke(TestInvoker.java:995)
	at org.testng.internal.invokers.TestInvoker.invokeTestMethods(TestInvoker.java:203)
	at org.testng.internal.invokers.TestMethodWorker.invokeTestMethods(TestMethodWorker.java:154)
	at org.testng.internal.invokers.TestMethodWorker.run(TestMethodWorker.java:134)
	at java.base/java.util.ArrayList.forEach(ArrayList.java:1597)
	at org.testng.TestRunner.privateRun(TestRunner.java:741)
	at org.testng.TestRunner.run(TestRunner.java:616)
	at org.testng.SuiteRunner.runTest(SuiteRunner.java:421)
	at org.testng.SuiteRunner$SuiteWorker.run(SuiteRunner.java:463)
	at org.testng.internal.thread.ThreadUtil.lambda$execute$0(ThreadUtil.java:64)
	at java.base/java.util.concurrent.FutureTask.run(FutureTask.java:317)
	at java.base/java.util.concurrent.ThreadPoolExecutor.runWorker(ThreadPoolExecutor.java:1144)
	at java.base/java.util.concurrent.ThreadPoolExecutor$Worker.run(ThreadPoolExecutor.java:642)
	at java.base/java.lang.Thread.run(Thread.java:1570)
2026-01-06 15:22:33 INFO  TC04_CompletePurchase:121 - ==== Finished TC04_CompletePurchase.testAddToCart ====
2026-01-06 15:22:33 WARN  RetryAnalyzer:18 - Retrying test 'testAddToCart' (2 of 2)
2026-01-06 15:22:33 INFO  TC04_CompletePurchase:32 - ==== Starting TC04_CompletePurchase.testAddToCart ====
2026-01-06 15:22:33 DEBUG TC04_CompletePurchase:33 - Thread ID: 34
2026-01-06 15:22:33 DEBUG TC04_CompletePurchase:43 - Creating CategoryPage object
2026-01-06 15:22:33 DEBUG TC04_CompletePurchase:46 - Clicking on 'Laptops & Notebooks' category
2026-01-06 15:22:35 ERROR TC04_CompletePurchase:117 - Unexpected exception in TC04_CompletePurchase.testAddToCart
org.openqa.selenium.ElementClickInterceptedException: element click intercepted: Element <a href="https://www.cloudberrystore.services/index.php?route=product/category&amp;language=en-gb&amp;path=18" class="nav-link dropdown-toggle" data-bs-toggle="dropdown">...</a> is not clickable at point (400, 21). Other element would receive the click: <div id="modal-shipping" class="modal show" aria-modal="true" role="dialog" style="display: block;">...</div>
  (Session info: chrome=143.0.7499.170)
Build info: version: '4.38.0', revision: '6b412e825c*'
System info: os.name: 'Mac OS X', os.arch: 'aarch64', os.version: '15.6.1', java.version: '22.0.2'
Driver info: org.openqa.selenium.chrome.ChromeDriver
Command: [883baed73112d6fa7209b621e436270e, clickElement {id=f.EF42D2FECA3DFD9F78B03F7A17839B84.d.EDE2F791CD8F9B03877DB5BF621710BD.e.4673}]
Capabilities {acceptInsecureCerts: false, browserName: chrome, browserVersion: 143.0.7499.170, chrome: {chromedriverVersion: 143.0.7499.169 (164b20aab62..., userDataDir: /var/folders/67/by74vg5527l...}, fedcm:accounts: true, goog:chromeOptions: {debuggerAddress: localhost:52948}, goog:processID: 64486, networkConnectionEnabled: false, pageLoadStrategy: normal, platformName: mac, proxy: Proxy(), se:cdp: ws://localhost:52948/devtoo..., se:cdpVersion: 143.0.7499.170, setWindowRect: true, strictFileInteractability: false, timeouts: {implicit: 0, pageLoad: 300000, script: 30000}, unhandledPromptBehavior: dismiss and notify, webauthn:extension:credBlob: true, webauthn:extension:largeBlob: true, webauthn:extension:minPinLength: true, webauthn:extension:prf: true, webauthn:virtualAuthenticators: true}
Element: [[ChromeDriver: chrome on mac (883baed73112d6fa7209b621e436270e)] -> xpath: //a[normalize-space()='Laptops & Notebooks']]
Session ID: 883baed73112d6fa7209b621e436270e
	at java.base/jdk.internal.reflect.DirectConstructorHandleAccessor.newInstance(DirectConstructorHandleAccessor.java:62)
	at java.base/java.lang.reflect.Constructor.newInstanceWithCaller(Constructor.java:502)
	at java.base/java.lang.reflect.Constructor.newInstance(Constructor.java:486)
	at org.openqa.selenium.remote.ErrorCodec.decode(ErrorCodec.java:167)
	at org.openqa.selenium.remote.codec.w3c.W3CHttpResponseCodec.decode(W3CHttpResponseCodec.java:138)
	at org.openqa.selenium.remote.codec.w3c.W3CHttpResponseCodec.decode(W3CHttpResponseCodec.java:50)
	at org.openqa.selenium.remote.HttpCommandExecutor.execute(HttpCommandExecutor.java:215)
	at org.openqa.selenium.remote.service.DriverCommandExecutor.invokeExecute(DriverCommandExecutor.java:216)
	at org.openqa.selenium.remote.service.DriverCommandExecutor.execute(DriverCommandExecutor.java:174)
	at org.openqa.selenium.remote.RemoteWebDriver.execute(RemoteWebDriver.java:557)
	at org.openqa.selenium.remote.RemoteWebElement.execute(RemoteWebElement.java:223)
	at org.openqa.selenium.remote.RemoteWebElement.click(RemoteWebElement.java:76)
	at java.base/jdk.internal.reflect.DirectMethodHandleAccessor.invoke(DirectMethodHandleAccessor.java:103)
	at java.base/java.lang.reflect.Method.invoke(Method.java:580)
	at org.openqa.selenium.support.pagefactory.internal.LocatingElementHandler.invoke(LocatingElementHandler.java:51)
	at jdk.proxy2/jdk.proxy2.$Proxy28.click(Unknown Source)
	at pageObjects.CategoryPage.clickLaptopsAndNotebooks(CategoryPage.java:36)
	at testCases.TC04_CompletePurchase.testAddToCart(TC04_CompletePurchase.java:47)
	at java.base/jdk.internal.reflect.DirectMethodHandleAccessor.invoke(DirectMethodHandleAccessor.java:103)
	at java.base/java.lang.reflect.Method.invoke(Method.java:580)
	at org.testng.internal.invokers.MethodInvocationHelper.invokeMethod(MethodInvocationHelper.java:141)
	at org.testng.internal.invokers.TestInvoker.invokeMethod(TestInvoker.java:687)
	at org.testng.internal.invokers.TestInvoker.retryFailed(TestInvoker.java:269)
	at org.testng.internal.invokers.MethodRunner.runInSequence(MethodRunner.java:76)
	at org.testng.internal.invokers.TestInvoker$MethodInvocationAgent.invoke(TestInvoker.java:995)
	at org.testng.internal.invokers.TestInvoker.invokeTestMethods(TestInvoker.java:203)
	at org.testng.internal.invokers.TestMethodWorker.invokeTestMethods(TestMethodWorker.java:154)
	at org.testng.internal.invokers.TestMethodWorker.run(TestMethodWorker.java:134)
	at java.base/java.util.ArrayList.forEach(ArrayList.java:1597)
	at org.testng.TestRunner.privateRun(TestRunner.java:741)
	at org.testng.TestRunner.run(TestRunner.java:616)
	at org.testng.SuiteRunner.runTest(SuiteRunner.java:421)
	at org.testng.SuiteRunner$SuiteWorker.run(SuiteRunner.java:463)
	at org.testng.internal.thread.ThreadUtil.lambda$execute$0(ThreadUtil.java:64)
	at java.base/java.util.concurrent.FutureTask.run(FutureTask.java:317)
	at java.base/java.util.concurrent.ThreadPoolExecutor.runWorker(ThreadPoolExecutor.java:1144)
	at java.base/java.util.concurrent.ThreadPoolExecutor$Worker.run(ThreadPoolExecutor.java:642)
	at java.base/java.lang.Thread.run(Thread.java:1570)
2026-01-06 15:22:35 INFO  TC04_CompletePurchase:121 - ==== Finished TC04_CompletePurchase.testAddToCart ====
2026-01-06 15:22:35 DEBUG BaseClass:174 - Capturing screenshot for test: testAddToCart
2026-01-06 15:22:35 INFO  BaseClass:186 - Screenshot saved at: /Users/ias90/Documents/CloudBerry/NinjaV6\screenshots\testAddToCart_20260106152235.png
2026-01-06 15:22:35 INFO  BaseClass:158 - ========== Test Execution Completed ==========
2026-01-06 15:22:35 INFO  BaseClass:162 - Closing browser and quitting WebDriver
2026-01-06 15:22:35 INFO  BaseClass:48 - ========== Test Execution Started ==========
2026-01-06 15:22:35 DEBUG BaseClass:49 - Operating System: mac
2026-01-06 15:22:35 DEBUG BaseClass:50 - Browser Parameter Received: chrome
2026-01-06 15:22:35 DEBUG BaseClass:54 - Loading config.properties file
2026-01-06 15:22:35 INFO  BaseClass:110 - Launching Chrome browser
2026-01-06 15:22:36 DEBUG BaseClass:131 - WebDriver instance set to ThreadLocal
2026-01-06 15:22:36 DEBUG BaseClass:135 - Implicit wait set to 10 seconds
2026-01-06 15:22:36 INFO  BaseClass:138 - Navigating to application URL: https://cloudberrystore.services/
2026-01-06 15:22:37 DEBUG BaseClass:142 - Browser window maximized
2026-01-06 15:22:37 INFO  TC05_AddToWishList:31 - ==== Starting TC05_AddToWishList.testAddToWishList ====
2026-01-06 15:22:37 DEBUG TC05_AddToWishList:32 - Thread ID: 34
2026-01-06 15:22:37 DEBUG TC05_AddToWishList:41 - Creating HomePage object
2026-01-06 15:22:37 DEBUG TC05_AddToWishList:44 - Clicking on 'My Account' on Home page
2026-01-06 15:22:37 DEBUG TC05_AddToWishList:47 - Navigating to Login page from Home page
2026-01-06 15:22:38 DEBUG TC05_AddToWishList:51 - Creating LoginPage object
2026-01-06 15:22:38 DEBUG TC05_AddToWishList:56 - Entering login credentials email: sid@cloudberry.services
2026-01-06 15:22:38 DEBUG TC05_AddToWishList:61 - Clicking 'Login' button
2026-01-06 15:22:38 DEBUG TC05_AddToWishList:65 - Creating CategoryPage object
2026-01-06 15:22:38 DEBUG TC05_AddToWishList:68 - Clicking on 'Laptops & Notebooks' category
2026-01-06 15:22:38 DEBUG TC05_AddToWishList:71 - Clicking on 'Show All' under Laptops & Notebooks
2026-01-06 15:22:39 DEBUG TC05_AddToWishList:74 - Waiting briefly for product list to load
2026-01-06 15:22:39 DEBUG TC05_AddToWishList:77 - Selecting HP product from category listing
2026-01-06 15:22:40 DEBUG TC05_AddToWishList:81 - Creating ProductPage object
2026-01-06 15:22:40 DEBUG TC05_AddToWishList:84 - Clicking 'Add to Wishlist' button
2026-01-06 15:22:41 DEBUG TC05_AddToWishList:88 - Checking if wishlist success message is displayed
2026-01-06 15:22:41 INFO  TC05_AddToWishList:90 - Wishlist success flag: true
2026-01-06 15:22:41 DEBUG TC05_AddToWishList:94 - Performing assertion on wishlist success message visibility
2026-01-06 15:22:41 INFO  TC05_AddToWishList:96 - Assertion passed: Wishlist success message is displayed
2026-01-06 15:22:41 INFO  TC05_AddToWishList:109 - ==== Finished TC05_AddToWishList.testAddToWishList ====
2026-01-06 15:22:41 INFO  BaseClass:158 - ========== Test Execution Completed ==========
2026-01-06 15:22:41 INFO  BaseClass:162 - Closing browser and quitting WebDriver
2026-01-06 15:22:41 INFO  BaseClass:48 - ========== Test Execution Started ==========
2026-01-06 15:22:41 DEBUG BaseClass:49 - Operating System: mac
2026-01-06 15:22:41 DEBUG BaseClass:50 - Browser Parameter Received: chrome
2026-01-06 15:22:41 DEBUG BaseClass:54 - Loading config.properties file
2026-01-06 15:22:41 INFO  BaseClass:110 - Launching Chrome browser
2026-01-06 15:22:41 DEBUG BaseClass:131 - WebDriver instance set to ThreadLocal
2026-01-06 15:22:41 DEBUG BaseClass:135 - Implicit wait set to 10 seconds
2026-01-06 15:22:41 INFO  BaseClass:138 - Navigating to application URL: https://cloudberrystore.services/
2026-01-06 15:22:43 DEBUG BaseClass:142 - Browser window maximized
2026-01-06 15:22:43 INFO  TC06_AddAffiliate:30 - ==== Starting TC06_AddAffiliate.testAddAffiliate ====
2026-01-06 15:22:43 DEBUG TC06_AddAffiliate:31 - Thread ID: 34
2026-01-06 15:22:43 DEBUG TC06_AddAffiliate:39 - Creating HomePage object
2026-01-06 15:22:43 DEBUG TC06_AddAffiliate:42 - Clicking on 'My Account' on Home page
2026-01-06 15:22:43 DEBUG TC06_AddAffiliate:45 - Navigating to Login page from Home page
2026-01-06 15:22:43 DEBUG TC06_AddAffiliate:49 - Creating LoginPage object
2026-01-06 15:22:43 DEBUG TC06_AddAffiliate:54 - Entering login credentials, email: sid@cloudberry.services
2026-01-06 15:22:43 DEBUG TC06_AddAffiliate:59 - Clicking 'Login' button
2026-01-06 15:22:43 DEBUG TC06_AddAffiliate:63 - Creating AffiliatePage object
2026-01-06 15:22:43 DEBUG TC06_AddAffiliate:66 - Navigating to affiliate registration/update form
2026-01-06 15:22:45 DEBUG TC06_AddAffiliate:73 - Filling affiliate details: company=CloudBerry, website=cloudberry.services, taxId=123456, payee=Shadab Siddiqui
2026-01-06 15:22:46 DEBUG TC06_AddAffiliate:79 - Checking if affiliate details were added successfully
2026-01-06 15:22:46 INFO  TC06_AddAffiliate:81 - Affiliate added flag: true
2026-01-06 15:22:46 DEBUG TC06_AddAffiliate:85 - Performing assertion on affiliate added flag
2026-01-06 15:22:46 INFO  TC06_AddAffiliate:87 - Assertion passed: Affiliate details added successfully
2026-01-06 15:22:46 INFO  TC06_AddAffiliate:100 - ==== Finished TC06_AddAffiliate.testAddAffiliate ====
2026-01-06 15:22:46 INFO  BaseClass:158 - ========== Test Execution Completed ==========
2026-01-06 15:22:46 INFO  BaseClass:162 - Closing browser and quitting WebDriver
