<?xml version="1.0" encoding="UTF-8"?>
<testsuite xmlns:xsi="http://www.w3.org/2001/XMLSchema-instance" xsi:noNamespaceSchemaLocation="https://maven.apache.org/surefire/maven-surefire-plugin/xsd/surefire-test-report.xsd" version="3.0.2" name="TestSuite" time="45.638" tests="12" errors="0" skipped="2" failures="1">
  <properties>
[...]
</properties>
  <testcase name="testLaunchApplication" classname="testCases.TC01_LaunchApplication" time="0.033">
    <system-out><![CDATA[15:22:01.638 [main] DEBUG org.testng.TestNG -- suiteXmlPath: "/Users/ias90/Documents/CloudBerry/NinjaV6/testng.xml"
]]></system-out>
    <system-err><![CDATA[SLF4J(W): Class path contains multiple SLF4J providers.
SLF4J(W): Found provider [ch.qos.logback.classic.spi.LogbackServiceProvider@458ad742]
SLF4J(W): Found provider [org.apache.logging.slf4j.SLF4JServiceProvider@5afa04c]
SLF4J(W): See https://www.slf4j.org/codes.html#multiple_bindings for an explanation.
SLF4J(I): Actual provider is of type [ch.qos.logback.classic.spi.LogbackServiceProvider@458ad742]
2026-01-06T20:22:01.908883Z main INFO Starting configuration XmlConfiguration[location=/Users/ias90/Documents/CloudBerry/NinjaV6/target/test-classes/log4j2.xml, lastModified=2026-01-06T20:22:00.341Z]...
2026-01-06T20:22:01.909348Z main INFO Configuration XmlConfiguration[location=/Users/ias90/Documents/CloudBerry/NinjaV6/target/test-classes/log4j2.xml, lastModified=2026-01-06T20:22:00.341Z] started.
2026-01-06T20:22:01.910312Z main INFO Stopping configuration org.apache.logging.log4j.core.config.DefaultConfiguration@2235eaab...
2026-01-06T20:22:01.910502Z main INFO Configuration org.apache.logging.log4j.core.config.DefaultConfiguration@2235eaab stopped.
Jan 06, 2026 3:22:03 PM org.openqa.selenium.devtools.CdpVersionFinder findNearestMatch
WARNING: Unable to find an exact match for CDP version 143, returning the closest version; found: 142; Please update to a Selenium version that supports CDP version 143
]]></system-err>
  </testcase>
  <testcase name="testLogin[smitasharma.qa@gmail.com, ss*QA123](1)" classname="testCases.TC02_Login" time="1.695">
    <system-err><![CDATA[Jan 06, 2026 3:22:06 PM org.openqa.selenium.devtools.CdpVersionFinder findNearestMatch
WARNING: Unable to find an exact match for CDP version 143, returning the closest version; found: 142; Please update to a Selenium version that supports CDP version 143
]]></system-err>
  </testcase>
  <testcase name="testLogin[nona@yahoo.com, QWER!@#$](2)" classname="testCases.TC02_Login" time="1.065"/>
  <testcase name="testLogin[sid@cloudberry.services, Test123](3)" classname="testCases.TC02_Login" time="1.109"/>
  <testcase name="testLogin[apushedwoman@gmail.com, password123](4)" classname="testCases.TC02_Login" time="1.024"/>
  <testcase name="testLogin[hichamkhachiai@gmail.com, hicham123](5)" classname="testCases.TC02_Login" time="1.051"/>
  <testcase name="testAddToCart" classname="testCases.TC03_AddToCart" time="3.717">
    <system-err><![CDATA[Jan 06, 2026 3:22:16 PM org.openqa.selenium.devtools.CdpVersionFinder findNearestMatch
WARNING: Unable to find an exact match for CDP version 143, returning the closest version; found: 142; Please update to a Selenium version that supports CDP version 143
]]></system-err>
  </testcase>
  <testcase name="testAddToCart" classname="testCases.TC04_CompletePurchase" time="0.0">
    <skipped message="element click intercepted: Element &lt;button type=&quot;button&quot; id=&quot;button-payment-methods&quot; class=&quot;btn btn-primary&quot;&gt;...&lt;/button&gt; is not clickable at point (1475, 530). Other element would receive the click: &lt;div id=&quot;modal-shipping&quot; class=&quot;modal show&quot; aria-modal=&quot;true&quot; role=&quot;dialog&quot; style=&quot;display: block;&quot;&gt;...&lt;/div&gt;&#10;  (Session info: chrome=143.0.7499.170)&#10;Build info: version: &apos;4.38.0&apos;, revision: &apos;6b412e825c*&apos;&#10;System info: os.name: &apos;Mac OS X&apos;, os.arch: &apos;aarch64&apos;, os.version: &apos;15.6.1&apos;, java.version: &apos;22.0.2&apos;&#10;Driver info: org.openqa.selenium.chrome.ChromeDriver&#10;Command: [883baed73112d6fa7209b621e436270e, clickElement {id=f.EF42D2FECA3DFD9F78B03F7A17839B84.d.EDE2F791CD8F9B03877DB5BF621710BD.e.5977}]&#10;Capabilities {acceptInsecureCerts: false, browserName: chrome, browserVersion: 143.0.7499.170, chrome: {chromedriverVersion: 143.0.7499.169 (164b20aab62..., userDataDir: /var/folders/67/by74vg5527l...}, fedcm:accounts: true, goog:chromeOptions: {debuggerAddress: localhost:52948}, goog:processID: 64486, networkConnectionEnabled: false, pageLoadStrategy: normal, platformName: mac, proxy: Proxy(), se:cdp: ws://localhost:52948/devtoo..., se:cdpVersion: 143.0.7499.170, setWindowRect: true, strictFileInteractability: false, timeouts: {implicit: 0, pageLoad: 300000, script: 30000}, unhandledPromptBehavior: dismiss and notify, webauthn:extension:credBlob: true, webauthn:extension:largeBlob: true, webauthn:extension:minPinLength: true, webauthn:extension:prf: true, webauthn:virtualAuthenticators: true}&#10;Element: [[ChromeDriver: chrome on mac (883baed73112d6fa7209b621e436270e)] -&gt; id: button-payment-methods]&#10;Session ID: 883baed73112d6fa7209b621e436270e"/>
    <system-err><![CDATA[Jan 06, 2026 3:22:22 PM org.openqa.selenium.devtools.CdpVersionFinder findNearestMatch
WARNING: Unable to find an exact match for CDP version 143, returning the closest version; found: 142; Please update to a Selenium version that supports CDP version 143
]]></system-err>
  </testcase>
  <testcase name="testAddToCart" classname="testCases.TC04_CompletePurchase" time="0.0">
    <skipped message="element click intercepted: Element &lt;a href=&quot;https://www.cloudberrystore.services/index.php?route=product/category&amp;amp;language=en-gb&amp;amp;path=18&quot; class=&quot;nav-link dropdown-toggle&quot; data-bs-toggle=&quot;dropdown&quot;&gt;...&lt;/a&gt; is not clickable at point (400, 21). Other element would receive the click: &lt;div id=&quot;modal-shipping&quot; class=&quot;modal show&quot; aria-modal=&quot;true&quot; role=&quot;dialog&quot; style=&quot;display: block;&quot;&gt;...&lt;/div&gt;&#10;  (Session info: chrome=143.0.7499.170)&#10;Build info: version: &apos;4.38.0&apos;, revision: &apos;6b412e825c*&apos;&#10;System info: os.name: &apos;Mac OS X&apos;, os.arch: &apos;aarch64&apos;, os.version: &apos;15.6.1&apos;, java.version: &apos;22.0.2&apos;&#10;Driver info: org.openqa.selenium.chrome.ChromeDriver&#10;Command: [883baed73112d6fa7209b621e436270e, clickElement {id=f.EF42D2FECA3DFD9F78B03F7A17839B84.d.EDE2F791CD8F9B03877DB5BF621710BD.e.4673}]&#10;Capabilities {acceptInsecureCerts: false, browserName: chrome, browserVersion: 143.0.7499.170, chrome: {chromedriverVersion: 143.0.7499.169 (164b20aab62..., userDataDir: /var/folders/67/by74vg5527l...}, fedcm:accounts: true, goog:chromeOptions: {debuggerAddress: localhost:52948}, goog:processID: 64486, networkConnectionEnabled: false, pageLoadStrategy: normal, platformName: mac, proxy: Proxy(), se:cdp: ws://localhost:52948/devtoo..., se:cdpVersion: 143.0.7499.170, setWindowRect: true, strictFileInteractability: false, timeouts: {implicit: 0, pageLoad: 300000, script: 30000}, unhandledPromptBehavior: dismiss and notify, webauthn:extension:credBlob: true, webauthn:extension:largeBlob: true, webauthn:extension:minPinLength: true, webauthn:extension:prf: true, webauthn:virtualAuthenticators: true}&#10;Element: [[ChromeDriver: chrome on mac (883baed73112d6fa7209b621e436270e)] -&gt; xpath: //a[normalize-space()=&apos;Laptops &amp; Notebooks&apos;]]&#10;Session ID: 883baed73112d6fa7209b621e436270e"/>
  </testcase>
  <testcase name="testAddToCart" classname="testCases.TC04_CompletePurchase" time="1.773">
    <failure message="element click intercepted: Element &lt;a href=&quot;https://www.cloudberrystore.services/index.php?route=product/category&amp;amp;language=en-gb&amp;amp;path=18&quot; class=&quot;nav-link dropdown-toggle&quot; data-bs-toggle=&quot;dropdown&quot;&gt;...&lt;/a&gt; is not clickable at point (400, 21). Other element would receive the click: &lt;div id=&quot;modal-shipping&quot; class=&quot;modal show&quot; aria-modal=&quot;true&quot; role=&quot;dialog&quot; style=&quot;display: block;&quot;&gt;...&lt;/div&gt;&#10;  (Session info: chrome=143.0.7499.170)&#10;Build info: version: &apos;4.38.0&apos;, revision: &apos;6b412e825c*&apos;&#10;System info: os.name: &apos;Mac OS X&apos;, os.arch: &apos;aarch64&apos;, os.version: &apos;15.6.1&apos;, java.version: &apos;22.0.2&apos;&#10;Driver info: org.openqa.selenium.chrome.ChromeDriver&#10;Command: [883baed73112d6fa7209b621e436270e, clickElement {id=f.EF42D2FECA3DFD9F78B03F7A17839B84.d.EDE2F791CD8F9B03877DB5BF621710BD.e.4673}]&#10;Capabilities {acceptInsecureCerts: false, browserName: chrome, browserVersion: 143.0.7499.170, chrome: {chromedriverVersion: 143.0.7499.169 (164b20aab62..., userDataDir: /var/folders/67/by74vg5527l...}, fedcm:accounts: true, goog:chromeOptions: {debuggerAddress: localhost:52948}, goog:processID: 64486, networkConnectionEnabled: false, pageLoadStrategy: normal, platformName: mac, proxy: Proxy(), se:cdp: ws://localhost:52948/devtoo..., se:cdpVersion: 143.0.7499.170, setWindowRect: true, strictFileInteractability: false, timeouts: {implicit: 0, pageLoad: 300000, script: 30000}, unhandledPromptBehavior: dismiss and notify, webauthn:extension:credBlob: true, webauthn:extension:largeBlob: true, webauthn:extension:minPinLength: true, webauthn:extension:prf: true, webauthn:virtualAuthenticators: true}&#10;Element: [[ChromeDriver: chrome on mac (883baed73112d6fa7209b621e436270e)] -&gt; xpath: //a[normalize-space()=&apos;Laptops &amp; Notebooks&apos;]]&#10;Session ID: 883baed73112d6fa7209b621e436270e" type="org.openqa.selenium.ElementClickInterceptedException"><![CDATA[org.openqa.selenium.ElementClickInterceptedException: 
element click intercepted: Element <a href="https://www.cloudberrystore.services/index.php?route=product/category&amp;language=en-gb&amp;path=18" class="nav-link dropdown-toggle" data-bs-toggle="dropdown">...</a> is not clickable at point (400, 21). Other element would receive the click: <div id="modal-shipping" class="modal show" aria-modal="true" role="dialog" style="display: block;">...</div>
  (Session info: chrome=143.0.7499.170)
Build info: version: '4.38.0', revision: '6b412e825c*'
System info: os.name: 'Mac OS X', os.arch: 'aarch64', os.version: '15.6.1', java.version: '22.0.2'
Driver info: org.openqa.selenium.chrome.ChromeDriver
Command: [883baed73112d6fa7209b621e436270e, clickElement {id=f.EF42D2FECA3DFD9F78B03F7A17839B84.d.EDE2F791CD8F9B03877DB5BF621710BD.e.4673}]
Capabilities {acceptInsecureCerts: false, browserName: chrome, browserVersion: 143.0.7499.170, chrome: {chromedriverVersion: 143.0.7499.169 (164b20aab62..., userDataDir: /var/folders/67/by74vg5527l...}, fedcm:accounts: true, goog:chromeOptions: {debuggerAddress: localhost:52948}, goog:processID: 64486, networkConnectionEnabled: false, pageLoadStrategy: normal, platformName: mac, proxy: Proxy(), se:cdp: ws://localhost:52948/devtoo..., se:cdpVersion: 143.0.7499.170, setWindowRect: true, strictFileInteractability: false, timeouts: {implicit: 0, pageLoad: 300000, script: 30000}, unhandledPromptBehavior: dismiss and notify, webauthn:extension:credBlob: true, webauthn:extension:largeBlob: true, webauthn:extension:minPinLength: true, webauthn:extension:prf: true, webauthn:virtualAuthenticators: true}
Element: [[ChromeDriver: chrome on mac (883baed73112d6fa7209b621e436270e)] -> xpath: //a[normalize-space()='Laptops & Notebooks']]
Session ID: 883baed73112d6fa7209b621e436270e
	at java.base/jdk.internal.reflect.DirectConstructorHandleAccessor.newInstance(DirectConstructorHandleAccessor.java:62)
	at java.base/java.lang.reflect.Constructor.newInstanceWithCaller(Constructor.java:502)
	at java.base/java.lang.reflect.Constructor.newInstance(Constructor.java:486)
	at org.openqa.selenium.remote.ErrorCodec.decode(ErrorCodec.java:167)
	at org.openqa.selenium.remote.codec.w3c.W3CHttpResponseCodec.decode(W3CHttpResponseCodec.java:138)
	at org.openqa.selenium.remote.codec.w3c.W3CHttpResponseCodec.decode(W3CHttpResponseCodec.java:50)
	at org.openqa.selenium.remote.HttpCommandExecutor.execute(HttpCommandExecutor.java:215)
	at org.openqa.selenium.remote.service.DriverCommandExecutor.invokeExecute(DriverCommandExecutor.java:216)
	at org.openqa.selenium.remote.service.DriverCommandExecutor.execute(DriverCommandExecutor.java:174)
	at org.openqa.selenium.remote.RemoteWebDriver.execute(RemoteWebDriver.java:557)
	at org.openqa.selenium.remote.RemoteWebElement.execute(RemoteWebElement.java:223)
	at org.openqa.selenium.remote.RemoteWebElement.click(RemoteWebElement.java:76)
	at java.base/jdk.internal.reflect.DirectMethodHandleAccessor.invoke(DirectMethodHandleAccessor.java:103)
	at java.base/java.lang.reflect.Method.invoke(Method.java:580)
	at org.openqa.selenium.support.pagefactory.internal.LocatingElementHandler.invoke(LocatingElementHandler.java:51)
	at jdk.proxy2/jdk.proxy2.$Proxy28.click(Unknown Source)
	at pageObjects.CategoryPage.clickLaptopsAndNotebooks(CategoryPage.java:36)
	at testCases.TC04_CompletePurchase.testAddToCart(TC04_CompletePurchase.java:47)
	at java.base/jdk.internal.reflect.DirectMethodHandleAccessor.invoke(DirectMethodHandleAccessor.java:103)
	at java.base/java.lang.reflect.Method.invoke(Method.java:580)
	at org.testng.internal.invokers.MethodInvocationHelper.invokeMethod(MethodInvocationHelper.java:141)
	at org.testng.internal.invokers.TestInvoker.invokeMethod(TestInvoker.java:687)
	at org.testng.internal.invokers.TestInvoker.retryFailed(TestInvoker.java:269)
	at org.testng.internal.invokers.MethodRunner.runInSequence(MethodRunner.java:76)
	at org.testng.internal.invokers.TestInvoker$MethodInvocationAgent.invoke(TestInvoker.java:995)
	at org.testng.internal.invokers.TestInvoker.invokeTestMethods(TestInvoker.java:203)
	at org.testng.internal.invokers.TestMethodWorker.invokeTestMethods(TestMethodWorker.java:154)
	at org.testng.internal.invokers.TestMethodWorker.run(TestMethodWorker.java:134)
	at java.base/java.util.ArrayList.forEach(ArrayList.java:1597)
	at org.testng.TestRunner.privateRun(TestRunner.java:741)
	at org.testng.TestRunner.run(TestRunner.java:616)
	at org.testng.SuiteRunner.runTest(SuiteRunner.java:421)
	at org.testng.SuiteRunner$SuiteWorker.run(SuiteRunner.java:463)
	at org.testng.internal.thread.ThreadUtil.lambda$execute$0(ThreadUtil.java:64)
	at java.base/java.util.concurrent.FutureTask.run(FutureTask.java:317)
	at java.base/java.util.concurrent.ThreadPoolExecutor.runWorker(ThreadPoolExecutor.java:1144)
	at java.base/java.util.concurrent.ThreadPoolExecutor$Worker.run(ThreadPoolExecutor.java:642)
	at java.base/java.lang.Thread.run(Thread.java:1570)
]]></failure>
  </testcase>
  <testcase name="testAddToWishList" classname="testCases.TC05_AddToWishList" time="3.369">
    <system-err><![CDATA[Jan 06, 2026 3:22:36 PM org.openqa.selenium.devtools.CdpVersionFinder findNearestMatch
WARNING: Unable to find an exact match for CDP version 143, returning the closest version; found: 142; Please update to a Selenium version that supports CDP version 143
]]></system-err>
  </testcase>
  <testcase name="testAddAffiliate" classname="testCases.TC06_AddAffiliate" time="3.216">
    <system-err><![CDATA[Jan 06, 2026 3:22:41 PM org.openqa.selenium.devtools.CdpVersionFinder findNearestMatch
WARNING: Unable to find an exact match for CDP version 143, returning the closest version; found: 142; Please update to a Selenium version that supports CDP version 143
]]></system-err>
  </testcase>
</testsuite>