<?xml version="1.0" encoding="UTF-8"?>
<testsuite xmlns:xsi="http://www.w3.org/2001/XMLSchema-instance" xsi:noNamespaceSchemaLocation="https://maven.apache.org/surefire/maven-surefire-plugin/xsd/surefire-test-report.xsd" version="3.0.2" name="TestSuite" time="46.016" tests="10" errors="0" skipped="0" failures="0">
  <properties>
[...]
</properties>
  <testcase name="testLaunchApplication" classname="testCases.TC01_LaunchApplication" time="0.026">
    <system-out><![CDATA[11:09:49.656 [main] DEBUG org.testng.TestNG -- suiteXmlPath: "/Users/ias90/Documents/CloudBerry/NinjaV7/testng.xml"
]]></system-out>
    <system-err><![CDATA[SLF4J(W): Class path contains multiple SLF4J providers.
SLF4J(W): Found provider [ch.qos.logback.classic.spi.LogbackServiceProvider@458ad742]
SLF4J(W): Found provider [org.apache.logging.slf4j.SLF4JServiceProvider@5afa04c]
SLF4J(W): See https://www.slf4j.org/codes.html#multiple_bindings for an explanation.
SLF4J(I): Actual provider is of type [ch.qos.logback.classic.spi.LogbackServiceProvider@458ad742]
2026-01-08T16:09:49.927936Z main INFO Starting configuration XmlConfiguration[location=/Users/ias90/Documents/CloudBerry/NinjaV7/target/test-classes/log4j2.xml, lastModified=2026-01-08T16:09:48.437Z]...
2026-01-08T16:09:49.928506Z main INFO Configuration XmlConfiguration[location=/Users/ias90/Documents/CloudBerry/NinjaV7/target/test-classes/log4j2.xml, lastModified=2026-01-08T16:09:48.437Z] started.
2026-01-08T16:09:49.929342Z main INFO Stopping configuration org.apache.logging.log4j.core.config.DefaultConfiguration@2235eaab...
2026-01-08T16:09:49.929573Z main INFO Configuration org.apache.logging.log4j.core.config.DefaultConfiguration@2235eaab stopped.
Jan 08, 2026 11:09:53 AM org.openqa.selenium.devtools.CdpVersionFinder findNearestMatch
WARNING: Unable to find an exact match for CDP version 143, returning the closest version; found: 142; Please update to a Selenium version that supports CDP version 143
]]></system-err>
  </testcase>
  <testcase name="testLogin[smitasharma.qa@gmail.com, ss*QA123](1)" classname="testCases.TC02_Login" time="1.514">
    <system-err><![CDATA[Jan 08, 2026 11:09:57 AM org.openqa.selenium.devtools.CdpVersionFinder findNearestMatch
WARNING: Unable to find an exact match for CDP version 143, returning the closest version; found: 142; Please update to a Selenium version that supports CDP version 143
]]></system-err>
  </testcase>
  <testcase name="testLogin[nona@yahoo.com, QWER!@#$](2)" classname="testCases.TC02_Login" time="1.471"/>
  <testcase name="testLogin[sid@cloudberry.services, Test123](3)" classname="testCases.TC02_Login" time="1.164"/>
  <testcase name="testLogin[apushedwoman@gmail.com, password123](4)" classname="testCases.TC02_Login" time="1.048"/>
  <testcase name="testLogin[hichamkhachiai@gmail.com, hicham123](5)" classname="testCases.TC02_Login" time="1.038"/>
  <testcase name="testAddToCart" classname="testCases.TC03_AddToCart" time="3.649">
    <system-err><![CDATA[Jan 08, 2026 11:10:06 AM org.openqa.selenium.devtools.CdpVersionFinder findNearestMatch
WARNING: Unable to find an exact match for CDP version 143, returning the closest version; found: 142; Please update to a Selenium version that supports CDP version 143
]]></system-err>
  </testcase>
  <testcase name="testAddToCart" classname="testCases.TC04_CompletePurchase" time="7.592">
    <system-err><![CDATA[Jan 08, 2026 11:10:13 AM org.openqa.selenium.devtools.CdpVersionFinder findNearestMatch
WARNING: Unable to find an exact match for CDP version 143, returning the closest version; found: 142; Please update to a Selenium version that supports CDP version 143
]]></system-err>
  </testcase>
  <testcase name="testAddToWishList" classname="testCases.TC05_AddToWishList" time="3.386">
    <system-err><![CDATA[Jan 08, 2026 11:10:23 AM org.openqa.selenium.devtools.CdpVersionFinder findNearestMatch
WARNING: Unable to find an exact match for CDP version 143, returning the closest version; found: 142; Please update to a Selenium version that supports CDP version 143
]]></system-err>
  </testcase>
  <testcase name="testAddAffiliate" classname="testCases.TC06_AddAffiliate" time="3.437">
    <system-err><![CDATA[Jan 08, 2026 11:10:29 AM org.openqa.selenium.devtools.CdpVersionFinder findNearestMatch
WARNING: Unable to find an exact match for CDP version 143, returning the closest version; found: 142; Please update to a Selenium version that supports CDP version 143
]]></system-err>
  </testcase>
</testsuite>