<?xml version="1.0" encoding="UTF-8"?>
<!-- Generated by org.testng.reporters.JUnitReportReporter -->
<testsuite hostname="MacBook-Pro-3.local" failures="0" tests="5" name="testCases.TC02_Login" time="6.015" errors="0" timestamp="2026-01-05T15:49:52 EST" skipped="0">
  <testcase classname="testCases.TC02_Login" name="testLogin" time="1.071"/>
  <testcase classname="testCases.TC02_Login" name="testLogin" time="1.071"/>
  <testcase classname="testCases.TC02_Login" name="testLogin" time="1.040"/>
  <testcase classname="testCases.TC02_Login" name="testLogin" time="1.517"/>
  <testcase classname="testCases.TC02_Login" name="testLogin" time="1.316"/>
</testsuite> <!-- testCases.TC02_Login -->
