<?xml version="1.0" encoding="UTF-8"?>
<!-- Generated by org.testng.reporters.JUnitReportReporter -->
<testsuite hostname="MacBook-Pro-3.local" failures="0" tests="5" name="testCases.TC02_Login" time="6.231" errors="0" timestamp="2026-01-08T11:10:35 EST" skipped="0">
  <testcase classname="testCases.TC02_Login" name="testLogin" time="1.513"/>
  <testcase classname="testCases.TC02_Login" name="testLogin" time="1.470"/>
  <testcase classname="testCases.TC02_Login" name="testLogin" time="1.037"/>
  <testcase classname="testCases.TC02_Login" name="testLogin" time="1.163"/>
  <testcase classname="testCases.TC02_Login" name="testLogin" time="1.048"/>
</testsuite> <!-- testCases.TC02_Login -->
