<?xml version="1.0" encoding="UTF-8"?>
<!-- Generated by org.testng.reporters.JUnitReportReporter -->
<testsuite hostname="MacBook-Pro-3.local" failures="0" tests="5" name="testCases.TC02_Login" time="5.939" errors="0" timestamp="2026-01-06T15:22:47 EST" skipped="0">
  <testcase classname="testCases.TC02_Login" name="testLogin" time="1.108"/>
  <testcase classname="testCases.TC02_Login" name="testLogin" time="1.023"/>
  <testcase classname="testCases.TC02_Login" name="testLogin" time="1.050"/>
  <testcase classname="testCases.TC02_Login" name="testLogin" time="1.064"/>
  <testcase classname="testCases.TC02_Login" name="testLogin" time="1.694"/>
</testsuite> <!-- testCases.TC02_Login -->
